11 [140146233452352] INFO perfrun.launcher <> - Launcher main begin
37 [140146233452352] INFO perfrun.launcher <> - MessageCatalogInit finished
37 [140146233452352] INFO perfrun.launcher <> - Launcher instance created
37 [140146233452352] INFO perfrun.launcher <> - argc = 7; cmdline = /opt/intel/inteloneapi/vtune/2021.1-beta01/bin64/amplxe-runss --ui-output-format xml --ui-output-fd 6 --option-file /home/u30005/sushma/gamma-correction/vtune-gamma_res/config/runss.options 
102 [140146233452352] INFO perfrun.launcher <> - plugin remoteplug has been added successfully
102 [140146233452352] INFO perfrun.launcher <> - plugin system has been added successfully
102 [140146233452352] INFO perfrun.launcher <> - plugin itt has been added successfully
102 [140146233452352] INFO perfrun.launcher <> - plugin ptracecollector has been added successfully
102 [140146233452352] INFO perfrun.launcher <> - plugin gpu has been added successfully
102 [140146233452352] INFO perfrun.launcher <> - plugin  has been added successfully
102 [140146233452352] INFO perfrun.launcher <> - plugin  has been added successfully
102 [140146233452352] INFO perfrun.launcher <> - plugin  has been added successfully
102 [140146233452352] INFO perfrun.launcher <> - plugin mrte has been added successfully
102 [140146233452352] INFO perfrun.launcher <> - plugin emon has been added successfully
102 [140146233452352] INFO perfrun.launcher <> - plugin cuscol has been added successfully
103 [140146233452352] INFO perfrun.launcher <> - plugin stdsrc has been added successfully
103 [140146233452352] INFO perfrun.launcher <> - plugin sep has been added successfully
103 [140146233452352] INFO perfrun.launcher <> - plugin vtsspp has been added successfully
103 [140146233452352] INFO perfrun.sdk <> - Reading value (1) from file: /proc/sys/kernel/perf_event_paranoid
103 [140146233452352] INFO perfrun.perfcollector <> - checking access to: /opt/intel/inteloneapi/vtune/2021.1-beta01/bin64/amplxe-perf-priv
104 [140146233452352] INFO perfrun.perfcollector <> - cpu: family = 6 model = 158
105 [140146233452352] INFO perfrun.perfcollector <> - dir found : /sys/bus/event_source/devices/software
105 [140146233452352] WARN perfrun.perfcollector <> - format subdir doesn't exist, at file: vcs/perfrun1/plugins/perfcollector/src/controller.cpp:665
105 [140146233452352] WARN perfrun.perfcollector <> - pmu hwInfo is not set, at file: vcs/perfrun1/plugins/perfcollector/src/controller.cpp:754
105 [140146233452352] INFO perfrun.perfcollector <> - pmu added : family : software , id : 0
105 [140146233452352] INFO perfrun.perfcollector <> - dir found : /sys/bus/event_source/devices/power
105 [140146233452352] INFO perfrun.perfcollector <> - format: event config:0-7 mask:0-7
105 [140146233452352] WARN perfrun.perfcollector <> - pmu hwInfo is not set, at file: vcs/perfrun1/plugins/perfcollector/src/controller.cpp:754
105 [140146233452352] INFO perfrun.perfcollector <> - pmu added : family : power , id : 0
105 [140146233452352] INFO perfrun.perfcollector <> - dir found : /sys/bus/event_source/devices/uncore_cbox_4
105 [140146233452352] INFO perfrun.perfcollector <> - format: event config:0-7 mask:0-7
105 [140146233452352] INFO perfrun.perfcollector <> - format: edge config:18 mask:18
105 [140146233452352] INFO perfrun.perfcollector <> - format: inv config:23 mask:23
105 [140146233452352] INFO perfrun.perfcollector <> - format: umask config:8-15 mask:8-15
105 [140146233452352] INFO perfrun.perfcollector <> - format: cmask config:24-28 mask:24-28
105 [140146233452352] WARN perfrun.perfcollector <> - pmu hwInfo is not set, at file: vcs/perfrun1/plugins/perfcollector/src/controller.cpp:754
105 [140146233452352] INFO perfrun.perfcollector <> - pmu added : family : uncore_cbox , id : 4
105 [140146233452352] INFO perfrun.perfcollector <> - dir found : /sys/bus/event_source/devices/uncore_imc
105 [140146233452352] INFO perfrun.perfcollector <> - format: event config:0-7 mask:0-7
105 [140146233452352] INFO perfrun.perfcollector <> - hwInfo : PERF_IMC_PMU_DETAILS
105 [140146233452352] INFO perfrun.perfcollector <> - pmu added : family : uncore_imc , id : 0
105 [140146233452352] INFO perfrun.perfcollector <> - dir found : /sys/bus/event_source/devices/cpu
105 [140146233452352] INFO perfrun.perfcollector <> - format: event config:0-7 mask:0-7
105 [140146233452352] INFO perfrun.perfcollector <> - format: pc config:19 mask:19
105 [140146233452352] INFO perfrun.perfcollector <> - format: in_tx config:32 mask:32
105 [140146233452352] INFO perfrun.perfcollector <> - format: edge config:18 mask:18
105 [140146233452352] INFO perfrun.perfcollector <> - format: any config:21 mask:21
105 [140146233452352] INFO perfrun.perfcollector <> - format: offcore_rsp config1:0-63 mask:0-63
105 [140146233452352] INFO perfrun.perfcollector <> - format: in_tx_cp config:33 mask:33
106 [140146233452352] INFO perfrun.perfcollector <> - format: ldlat config1:0-15 mask:0-15
106 [140146233452352] INFO perfrun.perfcollector <> - format: inv config:23 mask:23
106 [140146233452352] INFO perfrun.perfcollector <> - format: umask config:8-15 mask:8-15
106 [140146233452352] INFO perfrun.perfcollector <> - format: frontend config1:0-23 mask:0-23
106 [140146233452352] INFO perfrun.perfcollector <> - format: cmask config:24-31 mask:24-31
106 [140146233452352] INFO perfrun.perfcollector <> - hwInfo : PERF_CPU_PMU_DETAILS
106 [140146233452352] INFO perfrun.perfcollector <> - pmu added : family : cpu , id : 0
106 [140146233452352] INFO perfrun.perfcollector <> - dir found : /sys/bus/event_source/devices/cstate_core
106 [140146233452352] INFO perfrun.perfcollector <> - format: event config:0-63 mask:0-63
106 [140146233452352] WARN perfrun.perfcollector <> - pmu hwInfo is not set, at file: vcs/perfrun1/plugins/perfcollector/src/controller.cpp:754
106 [140146233452352] INFO perfrun.perfcollector <> - pmu added : family : cstate_core , id : 0
106 [140146233452352] INFO perfrun.perfcollector <> - dir found : /sys/bus/event_source/devices/uncore_cbox_2
106 [140146233452352] INFO perfrun.perfcollector <> - format: event config:0-7 mask:0-7
106 [140146233452352] INFO perfrun.perfcollector <> - format: edge config:18 mask:18
106 [140146233452352] INFO perfrun.perfcollector <> - format: inv config:23 mask:23
106 [140146233452352] INFO perfrun.perfcollector <> - format: umask config:8-15 mask:8-15
106 [140146233452352] INFO perfrun.perfcollector <> - format: cmask config:24-28 mask:24-28
106 [140146233452352] WARN perfrun.perfcollector <> - pmu hwInfo is not set, at file: vcs/perfrun1/plugins/perfcollector/src/controller.cpp:754
106 [140146233452352] INFO perfrun.perfcollector <> - pmu added : family : uncore_cbox , id : 2
106 [140146233452352] INFO perfrun.perfcollector <> - dir found : /sys/bus/event_source/devices/breakpoint
106 [140146233452352] WARN perfrun.perfcollector <> - format subdir doesn't exist, at file: vcs/perfrun1/plugins/perfcollector/src/controller.cpp:665
106 [140146233452352] WARN perfrun.perfcollector <> - pmu hwInfo is not set, at file: vcs/perfrun1/plugins/perfcollector/src/controller.cpp:754
106 [140146233452352] INFO perfrun.perfcollector <> - pmu added : family : breakpoint , id : 0
106 [140146233452352] INFO perfrun.perfcollector <> - dir found : /sys/bus/event_source/devices/uncore_cbox_0
106 [140146233452352] INFO perfrun.perfcollector <> - format: event config:0-7 mask:0-7
106 [140146233452352] INFO perfrun.perfcollector <> - format: edge config:18 mask:18
106 [140146233452352] INFO perfrun.perfcollector <> - format: inv config:23 mask:23
106 [140146233452352] INFO perfrun.perfcollector <> - format: umask config:8-15 mask:8-15
106 [140146233452352] INFO perfrun.perfcollector <> - format: cmask config:24-28 mask:24-28
106 [140146233452352] WARN perfrun.perfcollector <> - pmu hwInfo is not set, at file: vcs/perfrun1/plugins/perfcollector/src/controller.cpp:754
106 [140146233452352] INFO perfrun.perfcollector <> - pmu added : family : uncore_cbox , id : 0
106 [140146233452352] INFO perfrun.perfcollector <> - dir found : /sys/bus/event_source/devices/tracepoint
106 [140146233452352] WARN perfrun.perfcollector <> - format subdir doesn't exist, at file: vcs/perfrun1/plugins/perfcollector/src/controller.cpp:665
106 [140146233452352] WARN perfrun.perfcollector <> - pmu hwInfo is not set, at file: vcs/perfrun1/plugins/perfcollector/src/controller.cpp:754
107 [140146233452352] INFO perfrun.perfcollector <> - pmu added : family : tracepoint , id : 0
107 [140146233452352] INFO perfrun.perfcollector <> - dir found : /sys/bus/event_source/devices/cstate_pkg
107 [140146233452352] INFO perfrun.perfcollector <> - format: event config:0-63 mask:0-63
107 [140146233452352] WARN perfrun.perfcollector <> - pmu hwInfo is not set, at file: vcs/perfrun1/plugins/perfcollector/src/controller.cpp:754
107 [140146233452352] INFO perfrun.perfcollector <> - pmu added : family : cstate_pkg , id : 0
107 [140146233452352] INFO perfrun.perfcollector <> - dir found : /sys/bus/event_source/devices/uncore_arb
107 [140146233452352] INFO perfrun.perfcollector <> - format: event config:0-7 mask:0-7
107 [140146233452352] INFO perfrun.perfcollector <> - format: edge config:18 mask:18
107 [140146233452352] INFO perfrun.perfcollector <> - format: inv config:23 mask:23
107 [140146233452352] INFO perfrun.perfcollector <> - format: umask config:8-15 mask:8-15
107 [140146233452352] INFO perfrun.perfcollector <> - format: cmask config:24-28 mask:24-28
107 [140146233452352] WARN perfrun.perfcollector <> - pmu hwInfo is not set, at file: vcs/perfrun1/plugins/perfcollector/src/controller.cpp:754
107 [140146233452352] INFO perfrun.perfcollector <> - pmu added : family : uncore_arb , id : 0
107 [140146233452352] INFO perfrun.perfcollector <> - dir found : /sys/bus/event_source/devices/msr
107 [140146233452352] INFO perfrun.perfcollector <> - format: event config:0-63 mask:0-63
107 [140146233452352] WARN perfrun.perfcollector <> - pmu hwInfo is not set, at file: vcs/perfrun1/plugins/perfcollector/src/controller.cpp:754
107 [140146233452352] INFO perfrun.perfcollector <> - pmu added : family : msr , id : 0
107 [140146233452352] INFO perfrun.perfcollector <> - dir found : /sys/bus/event_source/devices/uncore_cbox_3
107 [140146233452352] INFO perfrun.perfcollector <> - format: event config:0-7 mask:0-7
107 [140146233452352] INFO perfrun.perfcollector <> - format: edge config:18 mask:18
107 [140146233452352] INFO perfrun.perfcollector <> - format: inv config:23 mask:23
107 [140146233452352] INFO perfrun.perfcollector <> - format: umask config:8-15 mask:8-15
107 [140146233452352] INFO perfrun.perfcollector <> - format: cmask config:24-28 mask:24-28
107 [140146233452352] WARN perfrun.perfcollector <> - pmu hwInfo is not set, at file: vcs/perfrun1/plugins/perfcollector/src/controller.cpp:754
107 [140146233452352] INFO perfrun.perfcollector <> - pmu added : family : uncore_cbox , id : 3
107 [140146233452352] INFO perfrun.perfcollector <> - dir found : /sys/bus/event_source/devices/intel_pt
107 [140146233452352] INFO perfrun.perfcollector <> - format: ptw config:12 mask:12
107 [140146233452352] INFO perfrun.perfcollector <> - format: cyc_thresh config:19-22 mask:19-22
107 [140146233452352] INFO perfrun.perfcollector <> - format: pt config:0 mask:0
107 [140146233452352] INFO perfrun.perfcollector <> - format: branch config:13 mask:13
107 [140146233452352] INFO perfrun.perfcollector <> - format: tsc config:10 mask:10
107 [140146233452352] INFO perfrun.perfcollector <> - format: pwr_evt config:4 mask:4
108 [140146233452352] INFO perfrun.perfcollector <> - format: fup_on_ptw config:5 mask:5
108 [140146233452352] INFO perfrun.perfcollector <> - format: cyc config:1 mask:1
108 [140146233452352] INFO perfrun.perfcollector <> - format: noretcomp config:11 mask:11
108 [140146233452352] INFO perfrun.perfcollector <> - format: mtc config:9 mask:9
108 [140146233452352] INFO perfrun.perfcollector <> - format: psb_period config:24-27 mask:24-27
108 [140146233452352] INFO perfrun.perfcollector <> - format: mtc_period config:14-17 mask:14-17
108 [140146233452352] WARN perfrun.perfcollector <> - pmu hwInfo is not set, at file: vcs/perfrun1/plugins/perfcollector/src/controller.cpp:754
108 [140146233452352] INFO perfrun.perfcollector <> - pmu added : family : intel_pt , id : 0
108 [140146233452352] INFO perfrun.perfcollector <> - dir found : /sys/bus/event_source/devices/uncore_cbox_1
108 [140146233452352] INFO perfrun.perfcollector <> - format: event config:0-7 mask:0-7
108 [140146233452352] INFO perfrun.perfcollector <> - format: edge config:18 mask:18
108 [140146233452352] INFO perfrun.perfcollector <> - format: inv config:23 mask:23
108 [140146233452352] INFO perfrun.perfcollector <> - format: umask config:8-15 mask:8-15
108 [140146233452352] INFO perfrun.perfcollector <> - format: cmask config:24-28 mask:24-28
108 [140146233452352] WARN perfrun.perfcollector <> - pmu hwInfo is not set, at file: vcs/perfrun1/plugins/perfcollector/src/controller.cpp:754
108 [140146233452352] INFO perfrun.perfcollector <> - pmu added : family : uncore_cbox , id : 1
108 [140146233452352] INFO perfrun.launcher <> - plugin perf has been added successfully
108 [140146233452352] INFO perfrun.launcher <> - plugin tpss has been added successfully
108 [140146233452352] INFO perfrun.launcher <> - plugin exprof has been added successfully
108 [140146233452352] INFO perfrun.launcher <> - plugin media has been added successfully
108 [140146233452352] INFO perfrun.launcher <> - plugin ice has been added successfully
108 [140146233452352] INFO perfrun.launcher <> - plugin  has been added successfully
108 [140146233452352] INFO perfrun.launcher <> - plugin  has been added successfully
108 [140146233452352] INFO perfrun.launcher <> - plugin parallelfs has been added successfully
108 [140146233452352] INFO perfrun.launcher <> - plugin power has been added successfully
109 [140146233452352] INFO perfrun.launcher <> - the option was added --interval: Specify an interval of data collection (for example, sampling) in milliseconds.
109 [140146233452352] INFO perfrun.launcher <> - the option was added --follow-child: Profile process with or without children.
109 [140146233452352] INFO perfrun.launcher <> - the option was added --gelding: BADMSG: perfrun1.launcher.plugin_manager::gelding
110 [140146233452352] INFO perfrun.launcher <> - the option was added --time-source: Specify time source for measurement. Possible values: sys - wall clock time; tsc - time stamp counter; ext - time from an external source; auto - auto select accurate time source.
110 [140146233452352] INFO perfrun.launcher <> - the option was added --stack: Enable or disable collection of stacks.
110 [140146233452352] INFO perfrun.launcher <> - the option was added --stack-stitching: Enable or disable the stack stitching algorithm for Intel TBB-based applications.
110 [140146233452352] INFO perfrun.launcher <> - the option was added --type: Specify type of data to be collected. For example, --type cpu:counters,waiting:nostack,io.
110 [140146233452352] INFO perfrun.launcher <> - the option was added --mrte-mode: Specify Java/.NET/other managed runtime collection mode. Possible values: native - collect information only for native code; managed - collect information only for managed code; mixed - collect information for both managed and native code; auto - choose the mode based on binary type.
110 [140146233452352] INFO perfrun.launcher <> - the option was added --mrte-mode-list: List supported Java/.NET/other managed runtime collection modes.
111 [140146233452352] INFO perfrun.launcher <> - the option was added --mrte-type: Specify which managed runtimes to collect. Possible values: java - collect information for Java; dotnet - collect information for .NET; python - collect information for CPython. You can specify several values separated by comma.
111 [140146233452352] INFO perfrun.launcher <> - the option was added --mrte-type-list: List supported Java/.NET/other managed runtime types.
111 [140146233452352] INFO perfrun.launcher <> - the option was added --trace-strategy: Specify how to profile a process tree. <string> can be "<process>:trace:notrace" - profile the process but do not profile its children. Shorthand parameters: t - trace, nt - notrace. For example, "vtunedemo.exe:t:t".
111 [140146233452352] INFO perfrun.launcher <> - the option was added --collector: BADMSG: perfrun1.launcher.plugin_manager::collector
111 [140146233452352] INFO perfrun.launcher <> - the option was added --system-wide: Enable system-wide profiling. This mode may require additional permissions.
111 [140146233452352] INFO perfrun.launcher <> - the option was added --kvm-guest: Enable KVM guest OS profiling.
112 [140146233452352] INFO perfrun.launcher <> - the option was added --kvm-guest-kallsyms: Specify a local path to the /proc/kallsyms file copied from the guest OS for proper symbol resolution.
112 [140146233452352] INFO perfrun.launcher <> - the option was added --kvm-guest-modules: Specify a local path to the /proc/modules file copied from the guest OS for proper symbol resolution.
112 [140146233452352] INFO perfrun.launcher <> - the option was added --dump-vdso: Dump [vdso] to result directory
112 [140146233452352] INFO perfrun.launcher <> - the option was added --bandwidth-limits: Measure bandwidth limits
112 [140146233452352] INFO perfrun.launcher <> - the option was added --acrn-map-info: Collect map info for ACRN
112 [140146233452352] INFO perfrun.launcher <> - the option was added --bandwidth-strategy: Bandwidth limits determination specific properties (example: --bandwidth-strategy array-size=0,duration=500).
113 [140146233452352] INFO perfrun.launcher <> - the option was added --bandwidth-config: List of benchmarks to run.
113 [140146233452352] INFO perfrun.launcher <> - the option was added --system-collector-config: Specify subcollectors. Possible values: all, vdso, container, device-info, none.
113 [140146233452352] INFO perfrun.launcher <> - the option was added --itt-config: Specify a sub-set of ITT API to collect.
113 [140146233452352] INFO perfrun.launcher <> - the option was added --itt-debug: Set pseudo-breakpoint at ITT API collector's start to enable the debugger to attach early.
113 [140146233452352] INFO perfrun.launcher <> - the option was added --ptrace: Ptrace collector.
113 [140146233452352] INFO perfrun.launcher <> - the option was added --target-pid: BADMSG: perfrun1.ptracecollector::target-pid
114 [140146233452352] INFO perfrun.launcher <> - the option was added --ptrace-server-pid: BADMSG: perfrun1.ptracecollector::ptrace-server-pid
114 [140146233452352] INFO perfrun.launcher <> - the option was added --ptrace-trace: BADMSG: perfrun1.ptracecollector::ptrace-trace
114 [140146233452352] INFO perfrun.launcher <> - the option was added --ptrace-time-source: BADMSG: perfrun1.ptracecollector::ptrace-time-source
114 [140146233452352] INFO perfrun.launcher <> - the option was added --ptrace-start-type: BADMSG: perfrun1.ptracecollector::ptrace-start-type
114 [140146233452352] INFO perfrun.launcher <> - the option was added --gpu-config: Specify types of GPU data to be collected. Possible values: preset1, preset2.
114 [140146233452352] INFO perfrun.launcher <> - the option was added --gpu-debug: Enable self-testing of the GPGPU profiling collector.
115 [140146233452352] INFO perfrun.launcher <> - the option was added --custom-collector: Allows to provide arbitrary command line to be run on collection steps.
115 [140146233452352] INFO perfrun.launcher <> - the option was added --stdsrc-config: Specify Standard Sources category tag(s).
115 [140146233452352] INFO perfrun.launcher <> - the option was added --ftrace-config-list: List Linux Ftrace category tag(s).
115 [140146233452352] INFO perfrun.launcher <> - the option was added --ftrace-config: Specify Linux Ftrace category tag(s).
115 [140146233452352] INFO perfrun.launcher <> - the option was added --ftrace-function-groups: Enable tracing of specific groups of functions.
115 [140146233452352] INFO perfrun.launcher <> - the option was added --event-info: BADMSG: perfrun1.stdsrc::event-info
116 [140146233452352] INFO perfrun.launcher <> - the option was added --cpu-list: List supported CPUs.
116 [140146233452352] INFO perfrun.launcher <> - the option was added --target-list: List available targets for performing sampling collection.
116 [140146233452352] INFO perfrun.launcher <> - the option was added --event-value-list: Display event information.
116 [140146233452352] INFO perfrun.launcher <> - the option was added --platform-value-list: Display details of supported platforms.
116 [140146233452352] INFO perfrun.launcher <> - the option was added --uncore-event-list: List uncore events for which a sampling data collection can be performed on this platform.
116 [140146233452352] INFO perfrun.launcher <> - the option was added --modifier-list: Specify the event name <string> for which the modifiers list is requested.
117 [140146233452352] INFO perfrun.launcher <> - the option was added --pmu-list: List supported PMUs.
117 [140146233452352] INFO perfrun.launcher <> - the option was added --os-mode-only: Enable sampling data collection for OS-mode processes only.
117 [140146233452352] INFO perfrun.launcher <> - the option was added --user-mode-only: Enable sampling data collection for user-mode processes only.
117 [140146233452352] INFO perfrun.launcher <> - the option was added --event-config: Perform data collection for the events with <string> configured using the format <event name1>":modifier1=val:modifier2=val/constraint1={:modifier3=val:modifier4=val}...,"<event name2>":... Specify the events(s) to monitor and embed the event names within double quotes("). [:modifier=val] specifies individual event modifiers along with the respective values for a given platform. Note that the modifiers can be generic to an event as well as specific to a constraint (or an event qualifier). The constraint specific special modifiers appear after [/constraint=]. The modifiers can be in decimal or hexadecimal format. Only specific modifiers accept the value as a string. Each event specification is delimited by a comma (,). For a list of supported modifiers and constraints, refer to the documentation.
117 [140146233452352] INFO perfrun.launcher <> - the option was added --chipset-event-config: Perform data collection for the chipset events with <string> configured using the format "<event name1>"...,"<event name2>":... Specify the events(s) to monitor and embed the event names within double quotes(").
117 [140146233452352] INFO perfrun.launcher <> - the option was added --uncore-event-config: Perform uncore data collection in ebc count mode for the events with <string> configured using the format "<event name1>"...,"<event name2>":... Specify the events(s) to monitor and embed the event names within double quotes(").
118 [140146233452352] INFO perfrun.launcher <> - the option was added --count-emon: Enable counting mode and output the data in EMON format.
118 [140146233452352] INFO perfrun.launcher <> - the option was added --event-based-counts: Enable event-based counting mode. During sampling data collection, event counts data is collected for the list of events specified in -event-config option.
118 [140146233452352] INFO perfrun.launcher <> - the option was added --event-mux-tfactor: Specify the event multiplexing tfactor as <integer> to set the length of the interval between interrupts. The larger the tfactor value, the larger the period between interrupts. Currently this option is only available on Intel platforms codenamed Knights Corner.
118 [140146233452352] INFO perfrun.launcher <> - the option was added --full-pebs-capture: Capture full pebs information.
118 [140146233452352] INFO perfrun.launcher <> - the option was added --last-branch-records: Capture Last Branch Records information.
118 [140146233452352] INFO perfrun.launcher <> - the option was added --pmu-type: Specify the targeted PMU name as <string>.
119 [140146233452352] INFO perfrun.launcher <> - the option was added --platform-type: Specify the targeted platform number as <number>.
119 [140146233452352] INFO perfrun.launcher <> - the option was added --p-state-trigger: Specify the name of the trigger event for P-state data as <string>. The default trigger is CPU_CLK_UNHALTED.REF_TSC.
119 [140146233452352] INFO perfrun.launcher <> - the option was added --bts-count: Specify the <integer> number of BTS records collected after each sample or context switch (VTSS++ only).
119 [140146233452352] INFO perfrun.launcher <> - the option was added --cpu-mask: Specify which CPU(s) <string> to collect data on. For example, specify "2-8,10,12-14" to sample only CPUs 2 through 8, 10, and 12 through 14.
119 [140146233452352] INFO perfrun.launcher <> - the option was added --event-mux-alg: Specify the event multiplexing algorithm. Possible values: sequence, timer, trigger.
119 [140146233452352] INFO perfrun.launcher <> - the option was added --event-mux-timeslice: Specify the event multiplexing time slice value as <integer>. The time slice specifies the duration between cycles for each event multiplexing group. The default value is 50 milliseconds. This option is valid only for timer-based event multiplexing. Specify the event multiplexing time slice value as <integer>. The time slice specifies the duration between cycles for each event multiplexing group. The default value is 1 millisecond. This option is valid only for timer-based event multiplexing.
120 [140146233452352] INFO perfrun.launcher <> - the option was added --event-mux-factor: Specify the event multiplexing factor as <integer>. It controls the switching of event multiplexing groups. The default factor is 50. This option is valid only for trigger-based event multiplexing. Specify the event multiplexing factor as <integer>. It controls the switching of event multiplexing groups. The default factor is 1. This option is valid only for trigger-based event multiplexing.
120 [140146233452352] INFO perfrun.launcher <> - the option was added --event-mux-trigger: Specify the name of the trigger event for event multiplexing as <string>. This option is valid only for trigger-based event multiplexing. The default trigger is CPU_CLK_UNHALTED.CORE (or CPU_CLK_UNHALTED.THREAD). BADMSG: perfrun1.vtsspp::event-mux-trigger
120 [140146233452352] INFO perfrun.launcher <> - the option was added --pt-mode: BADMSG: perfrun1.vtsspp::pt-mode
120 [140146233452352] INFO perfrun.launcher <> - the option was added --sample-after-multiplier: Specify the sample after multiplier as <double>. This multiplier modifies the sample after value for all the events specified in -event-config option. The values can range from 0.1 to 100.0. SAV multiplier value
120 [140146233452352] INFO perfrun.launcher <> - the option was added --uncore-sampling-interval: Specify the uncore sampling interval as <integer>. This value set the uncore sampling interval for all the uncore events specified in -event-config option.
120 [140146233452352] INFO perfrun.launcher <> - the option was added --count: Enable counting mode. Enable counting mode
121 [140146233452352] INFO perfrun.launcher <> - the option was added --trace-mpi: Configure collector to trace MPI code.
121 [140146233452352] INFO perfrun.launcher <> - the option was added --aggregated-counting: Enable aggregated counting mode. Enable aggregated-counting mode
121 [140146233452352] INFO perfrun.launcher <> - the option was added --raw-perf-config: Specify a verified configuration for the Perf collector in the format: <describer>,<content>. For example: map-events-file,<path_to_map_events_file>.
121 [140146233452352] INFO perfrun.launcher <> - the option was added --sys-config: BADMSG: perfrun1.vtsspp::sys-config Specify types of system data to be collected. Supported value: cswitch - collect context switch information.
121 [140146233452352] INFO perfrun.launcher <> - the option was added --perf-event-config: Specify events for Perf collector in Perf format. For example: perf-event-config=cpu-clock.
121 [140146233452352] INFO perfrun.launcher <> - the option was added --perf-aio: Number of control blocks in asynchronous trace writing mode.
122 [140146233452352] INFO perfrun.launcher <> - the option was added --perf-compression: Specify compression of Perf collector output data. Possible levels: 0 - without compression, 1..3 - best speed, 4..22 - best compression that incurs big overhead.
122 [140146233452352] INFO perfrun.launcher <> - the option was added --perf-min-mmap-read: Minimum data size read from the kernel mapped region.
122 [140146233452352] INFO perfrun.launcher <> - the option was added --perf-affinity: Adjust an affinity mask of the Perf thread to a node with an allocated memory trace buffer.
122 [140146233452352] INFO perfrun.launcher <> - the option was added --stackwalk: Specify stack unwinding method. Possible values: online - unwind stacks during collection; offline - unwind stacks after collection is finished. Specify stack unwinding method. Possible value: lbr - unwind stacks during collection. Specify stack unwinding method. Possible values: online - unwind stacks during collection; offline - unwind stacks after collection is finished; lbr - enable LBR-based call stack collection. Specify stack unwinding method. Possible values: online - unwind stacks during collection; offline - unwind stacks after collection is finished. Specify stack unwinding method. Possible values: online - unwind stacks during collection; offline - unwind stacks after collection is finished.
122 [140146233452352] INFO perfrun.launcher <> - the option was added --filter-include: Filter data during collection. Possible values: contended=<on|off> - filter out uncontended events; contended_nostack=<time> - filter out stacks for contended events that take less than <time> microseconds; wait=<time> - ignore transitions and blocks with wait time less than <time> microseconds; wait_nostack=<time> - filter out stacks for waits that take less than <time> microseconds.
122 [140146233452352] INFO perfrun.launcher <> - the option was added --debug-pin: Debug PIN tool and runtime.
123 [140146233452352] INFO perfrun.launcher <> - the option was added --debug-exception: Disallow the application to set own abnormal termination handler.
123 [140146233452352] INFO perfrun.launcher <> - the option was added --trace-type: Specify the trace file granularity. Possible values: per-thread - per-thread trace file generation; per-process - per-process trace file generation.
123 [140146233452352] INFO perfrun.launcher <> - the option was added --instrumentation-type: Specify type of instrumentation.
123 [140146233452352] INFO perfrun.launcher <> - the option was added --altstack: Enable or disable usage of altstacks for profiling signal handlers.
123 [140146233452352] INFO perfrun.launcher <> - the option was added --profiling-signal: BADMSG: perfrun1.ptracecollector::profiling-signal Alternate profiling signal.
123 [140146233452352] INFO perfrun.launcher <> - the option was added --memory-strategy: Specify a minimal memory object size to be traced and a hash table size for faster objects search; for example: --memory-strategy obj-size-min=1024,hash-table-size=4096.
124 [140146233452352] INFO perfrun.launcher <> - the option was added --gpu-profiling-type: Specify a type of deep GPU profiling: none, bblatency, memlatency.
124 [140146233452352] INFO perfrun.launcher <> - the option was added --opencl-trace-mode: Specify OpenCL kernel tracing modes: 'default' to trace OpenCL kernels for Intel Graphics Driver only; 'epoch' for any non-Intel graphics, where OpenCL kernels will be traced and OpenCL profiling API timestamps will be interpreted as Unux Epoch time in nanoseconds; 'completion' to trace OpenCL kernels for any Graphics Driver and bind OpenCL profiling API timestamps to the timestamp of OpenCL completion callback.
124 [140146233452352] INFO perfrun.launcher <> - the option was added --gpu-kernels-to-profile: Specify a comma-separated list of GPU kernel names and invocations to be profiled in the following format: kernel_name[#start_idx#step#stop_idx], where kernel_name is the name of GPU kernel; start_idx is the number of the first invocation; and stop_idx is the number of the last invocation to be profiled.
124 [140146233452352] INFO perfrun.launcher <> - the option was added --exprof-com-list: List available COM ports.
124 [140146233452352] INFO perfrun.launcher <> - the option was added --exprof-dvc-list: List available DvC IDs.
124 [140146233452352] INFO perfrun.launcher <> - the option was added --exprof-trace-channel: BADMSG: perfrun1.exprof::exprof-trace-channel
125 [140146233452352] INFO perfrun.launcher <> - the option was added --exprof-event-config: Specify ExactProfiling Event Classes.
125 [140146233452352] INFO perfrun.launcher <> - the option was added --ice-pmons-list: BADMSG: perfrun1.ice::ice-pmons-list
125 [140146233452352] INFO perfrun.launcher <> - the option was added --ice-pmons-config: BADMSG: perfrun1.ice::ice-pmons-config
125 [140146233452352] INFO perfrun.launcher <> - the option was added --parallel-fs-config: Specify parallel fs counters to collect.
125 [140146233452352] INFO perfrun.launcher <> - the option was added --pwr-config: BADMSG: perfrun1.vtsspp::pwr-config Specify power metrics configuration.
127 [140146233452352] INFO perfrun.launcher <> - create msngr2::ICliToolContext
128 [140146233452352] INFO perfrun.launcher <> - create file finder object
128 [140146233452352] INFO perfrun.launcher <> - create a result directory: pattern = /home/u30005/sushma/gamma-correction/vtune-gamma_res pid = 4294967295
138 [140146233452352] INFO perfrun.sdk <> - checked that the directory /home/u30005/sushma/gamma-correction/vtune-gamma_res is a local directory
138 [140146233452352] INFO perfrun.sdk <> - the directory /home/u30005/sushma/gamma-correction/vtune-gamma_res is located on a share or its FS ID is unknown 26985
138 [140146233452352] INFO perfrun.sdk <> - checked that the directory /home/u30005/tmp/amplxe-tmp-u30005 is a local directory
138 [140146233452352] INFO perfrun.sdk <> - the directory /home/u30005/tmp/amplxe-tmp-u30005 is located on a share or its FS ID is unknown 26985
141 [140146233452352] INFO perfrun.launcher <> - create data directory = /home/u30005/sushma/gamma-correction/vtune-gamma_res/data.0
146 [140146233452352] INFO perfrun.launcher <> - Creating the master collection flag
157 [140146233452352] INFO perfrun.launcher <> - Done creating the master collection flag
159 [140146009970432] INFO perfrun.launcher <> - plugin [remoteplug] was disabled because it doesn't support the given collection type.
159 [140146009970432] INFO perfrun.sdk <> - Allocating TMU :/home/u30005/sushma/gamma-correction/vtune-gamma_res/data.0/systemcollector-9654-s001-n182.sc
159 [140146009970432] INFO perfrun.system <> - Tpss based collection
160 [140146009970432] INFO perfrun.launcher <> - plugin [ptracecollector] was disabled because it doesn't support the given collection type.
160 [140146009970432] INFO perfrun.launcher <> - plugin [gpu] was disabled because it doesn't support the given collection type.
160 [140146009970432] INFO perfrun.launcher <> - plugin [] was disabled because it doesn't support the given collection type.
160 [140146009970432] INFO perfrun.launcher <> - plugin [] was disabled because it doesn't support the given collection type.
160 [140146009970432] INFO perfrun.launcher <> - plugin [] was disabled because it doesn't support the given collection type.
160 [140146009970432] INFO perfrun.launcher <> - plugin [mrte] was disabled because it doesn't support the given collection type.
160 [140146009970432] INFO perfrun.launcher <> - plugin [emon] was disabled because it doesn't support the given collection type.
160 [140146009970432] INFO perfrun.launcher <> - plugin [cuscol] was disabled because it doesn't support the given collection type.
160 [140146009970432] INFO perfrun.launcher <> - plugin [stdsrc] was disabled because it doesn't support the given collection type.
160 [140146009970432] INFO perfrun.launcher <> - plugin [sep] was disabled because it doesn't support the given collection type.
160 [140146009970432] INFO perfrun.launcher <> - plugin [vtsspp] was disabled because it doesn't support the given collection type.
200 [140146009970432] INFO perfrun.perfcollector <> - SepDryRunCmd: /opt/intel/inteloneapi/vtune/2021.1-beta01/bin64/sep -dry-run -sam 1 -ec "CPU_CLK_UNHALTED.THREAD,CPU_CLK_UNHALTED.REF_TSC:sample:sa=3700000,INST_RETIRED.ANY:sample:sa=3700000,CPU_CLK_UNHALTED.REF_XCLK,CPU_CLK_UNHALTED.ONE_THREAD_ACTIVE,FP_ARITH_INST_RETIRED.SCALAR_SINGLE,FP_ARITH_INST_RETIRED.128B_PACKED_SINGLE,FP_ARITH_INST_RETIRED.256B_PACKED_SINGLE,FP_ARITH_INST_RETIRED.SCALAR_DOUBLE,FP_ARITH_INST_RETIRED.128B_PACKED_DOUBLE,FP_ARITH_INST_RETIRED.256B_PACKED_DOUBLE,UOPS_EXECUTED.X87,UOPS_RETIRED.RETIRE_SLOTS,UOPS_EXECUTED.THREAD,UOPS_RETIRED.RETIRE_SLOTS:sample:sa=2000003" -experimental
217 [140146009970432] INFO perfrun.perfcollector <> - SepDryRun RC = true
222 [140146009970432] INFO perfrun.perfcollector <> - DRY_RUN : "Duplicate Event Discarded: UOPS_RETIRED.RETIRE_SLOTS"
222 [140146009970432] INFO perfrun.perfcollector <> - DRY_RUN : "PMU type: Core"
226 [140146009970432] INFO perfrun.perfcollector <> - pmu type : cpu
226 [140146009970432] INFO perfrun.perfcollector <> - DRY_RUN : "Group 0:"
226 [140146009970432] INFO perfrun.perfcollector <> - id : 0
226 [140146009970432] INFO perfrun.perfcollector <> - DRY_RUN : "INST_RETIRED.ANY: event id 2"
226 [140146009970432] INFO perfrun.perfcollector <> - eventName : INST_RETIRED.ANY , eventId : 2
226 [140146009970432] INFO perfrun.perfcollector <> - DRY_RUN : "CPU_CLK_UNHALTED.THREAD: event id 0"
226 [140146009970432] INFO perfrun.perfcollector <> - eventName : CPU_CLK_UNHALTED.THREAD , eventId : 0
226 [140146009970432] INFO perfrun.perfcollector <> - DRY_RUN : "CPU_CLK_UNHALTED.REF_TSC: event id 1"
226 [140146009970432] INFO perfrun.perfcollector <> - eventName : CPU_CLK_UNHALTED.REF_TSC , eventId : 1
226 [140146009970432] INFO perfrun.perfcollector <> - DRY_RUN : "CPU_CLK_UNHALTED.REF_XCLK: event id 3"
226 [140146009970432] INFO perfrun.perfcollector <> - eventName : CPU_CLK_UNHALTED.REF_XCLK , eventId : 3
226 [140146009970432] INFO perfrun.perfcollector <> - DRY_RUN : "CPU_CLK_UNHALTED.ONE_THREAD_ACTIVE: event id 4"
226 [140146009970432] INFO perfrun.perfcollector <> - eventName : CPU_CLK_UNHALTED.ONE_THREAD_ACTIVE , eventId : 4
226 [140146009970432] INFO perfrun.perfcollector <> - DRY_RUN : "FP_ARITH_INST_RETIRED.SCALAR_SINGLE: event id 5"
226 [140146009970432] INFO perfrun.perfcollector <> - eventName : FP_ARITH_INST_RETIRED.SCALAR_SINGLE , eventId : 5
226 [140146009970432] INFO perfrun.perfcollector <> - DRY_RUN : "FP_ARITH_INST_RETIRED.128B_PACKED_SINGLE: event id 6"
226 [140146009970432] INFO perfrun.perfcollector <> - eventName : FP_ARITH_INST_RETIRED.128B_PACKED_SINGLE , eventId : 6
226 [140146009970432] INFO perfrun.perfcollector <> - DRY_RUN : "CCCR"
226 [140146009970432] INFO perfrun.perfcollector <> - DRY_RUN : "reg_type       = 1	event_id       = g	reg_id         = 38f	reg_value      = 70000000f"
226 [140146009970432] INFO perfrun.perfcollector <> - eventId : g , ignored
226 [140146009970432] INFO perfrun.perfcollector <> - DRY_RUN : "reg_type       = 1	event_id       = g	reg_id         = 390	reg_value      = 70000000f"
226 [140146009970432] INFO perfrun.perfcollector <> - eventId : g , ignored
226 [140146009970432] INFO perfrun.perfcollector <> - DRY_RUN : "reg_type       = 1	event_id       = g	reg_id         = 3f1	reg_value      = 0"
226 [140146009970432] INFO perfrun.perfcollector <> - eventId : g , ignored
226 [140146009970432] INFO perfrun.perfcollector <> - DRY_RUN : "reg_type       = 1	event_id       = g	reg_id         = 1d9	reg_value      = 1800"
227 [140146009970432] INFO perfrun.perfcollector <> - eventId : g , ignored
227 [140146009970432] INFO perfrun.perfcollector <> - DRY_RUN : "reg_type       = 1	event_id       = g	reg_id         = 38d	reg_value      = bbb"
227 [140146009970432] INFO perfrun.perfcollector <> - eventId : g , ignored
227 [140146009970432] INFO perfrun.perfcollector <> - DRY_RUN : "reg_type       = 1	event_id       = 3	reg_id         = 186	reg_value      = 53013c"
227 [140146009970432] INFO perfrun.perfcollector <> - eventId : 3 , cccrAddr : 186 , cccrVal : 53013c
227 [140146009970432] INFO perfrun.perfcollector <> - DRY_RUN : "reg_type       = 1	event_id       = 4	reg_id         = 187	reg_value      = 53023c"
227 [140146009970432] INFO perfrun.perfcollector <> - eventId : 4 , cccrAddr : 187 , cccrVal : 53023c
227 [140146009970432] INFO perfrun.perfcollector <> - DRY_RUN : "reg_type       = 1	event_id       = 5	reg_id         = 188	reg_value      = 5302c7"
227 [140146009970432] INFO perfrun.perfcollector <> - eventId : 5 , cccrAddr : 188 , cccrVal : 5302c7
227 [140146009970432] INFO perfrun.perfcollector <> - DRY_RUN : "reg_type       = 1	event_id       = 6	reg_id         = 189	reg_value      = 5308c7"
227 [140146009970432] INFO perfrun.perfcollector <> - eventId : 6 , cccrAddr : 189 , cccrVal : 5308c7
227 [140146009970432] INFO perfrun.perfcollector <> - DRY_RUN : "ESCR"
227 [140146009970432] INFO perfrun.perfcollector <> - DRY_RUN : "reg_type       = 2	event_id       = g	reg_id         = 1c8	reg_value      = 0"
227 [140146009970432] INFO perfrun.perfcollector <> - eventId : g , ignored
227 [140146009970432] INFO perfrun.perfcollector <> - DRY_RUN : "DATA"
227 [140146009970432] INFO perfrun.perfcollector <> - DRY_RUN : "reg_type       = 4	event_id       = 2	reg_id         = 309	reg_value      = ffffffc78ae0"
227 [140146009970432] INFO perfrun.perfcollector <> - eventId : 2 , dataAddr : 309 , dataVal : ffffffc78ae0
227 [140146009970432] INFO perfrun.perfcollector <> - DRY_RUN : "reg_type       = 4	event_id       = 0	reg_id         = 30a	reg_value      = ffffffe17b7d"
227 [140146009970432] INFO perfrun.perfcollector <> - eventId : 0 , dataAddr : 30a , dataVal : ffffffe17b7d
227 [140146009970432] INFO perfrun.perfcollector <> - DRY_RUN : "reg_type       = 4	event_id       = 1	reg_id         = 30b	reg_value      = ffffffc78ae0"
227 [140146009970432] INFO perfrun.perfcollector <> - eventId : 1 , dataAddr : 30b , dataVal : ffffffc78ae0
227 [140146009970432] INFO perfrun.perfcollector <> - DRY_RUN : "reg_type       = 4	event_id       = 3	reg_id         = c1	reg_value      = ffffffff9e55"
227 [140146009970432] INFO perfrun.perfcollector <> - eventId : 3 , dataAddr : c1 , dataVal : ffffffff9e55
227 [140146009970432] INFO perfrun.perfcollector <> - DRY_RUN : "reg_type       = 4	event_id       = 4	reg_id         = c2	reg_value      = ffffffff9e55"
227 [140146009970432] INFO perfrun.perfcollector <> - eventId : 4 , dataAddr : c2 , dataVal : ffffffff9e55
227 [140146009970432] INFO perfrun.perfcollector <> - DRY_RUN : "reg_type       = 4	event_id       = 5	reg_id         = c3	reg_value      = ffffffe17b7d"
227 [140146009970432] INFO perfrun.perfcollector <> - eventId : 5 , dataAddr : c3 , dataVal : ffffffe17b7d
227 [140146009970432] INFO perfrun.perfcollector <> - DRY_RUN : "reg_type       = 4	event_id       = 6	reg_id         = c4	reg_value      = ffffffe17b7d"
227 [140146009970432] INFO perfrun.perfcollector <> - eventId : 6 , dataAddr : c4 , dataVal : ffffffe17b7d
227 [140146009970432] INFO perfrun.perfcollector <> - DRY_RUN : "Group 1:"
227 [140146009970432] INFO perfrun.perfcollector <> - id : 1
228 [140146009970432] INFO perfrun.perfcollector <> - DRY_RUN : "INST_RETIRED.ANY: event id 2"
228 [140146009970432] INFO perfrun.perfcollector <> - eventName : INST_RETIRED.ANY , eventId : 2
228 [140146009970432] INFO perfrun.perfcollector <> - DRY_RUN : "CPU_CLK_UNHALTED.THREAD: event id 0"
228 [140146009970432] INFO perfrun.perfcollector <> - eventName : CPU_CLK_UNHALTED.THREAD , eventId : 0
228 [140146009970432] INFO perfrun.perfcollector <> - DRY_RUN : "CPU_CLK_UNHALTED.REF_TSC: event id 1"
228 [140146009970432] INFO perfrun.perfcollector <> - eventName : CPU_CLK_UNHALTED.REF_TSC , eventId : 1
228 [140146009970432] INFO perfrun.perfcollector <> - DRY_RUN : "FP_ARITH_INST_RETIRED.256B_PACKED_SINGLE: event id 7"
228 [140146009970432] INFO perfrun.perfcollector <> - eventName : FP_ARITH_INST_RETIRED.256B_PACKED_SINGLE , eventId : 7
228 [140146009970432] INFO perfrun.perfcollector <> - DRY_RUN : "FP_ARITH_INST_RETIRED.SCALAR_DOUBLE: event id 8"
228 [140146009970432] INFO perfrun.perfcollector <> - eventName : FP_ARITH_INST_RETIRED.SCALAR_DOUBLE , eventId : 8
228 [140146009970432] INFO perfrun.perfcollector <> - DRY_RUN : "FP_ARITH_INST_RETIRED.128B_PACKED_DOUBLE: event id 9"
228 [140146009970432] INFO perfrun.perfcollector <> - eventName : FP_ARITH_INST_RETIRED.128B_PACKED_DOUBLE , eventId : 9
228 [140146009970432] INFO perfrun.perfcollector <> - DRY_RUN : "FP_ARITH_INST_RETIRED.256B_PACKED_DOUBLE: event id 10"
228 [140146009970432] INFO perfrun.perfcollector <> - eventName : FP_ARITH_INST_RETIRED.256B_PACKED_DOUBLE , eventId : 10
228 [140146009970432] INFO perfrun.perfcollector <> - DRY_RUN : "CCCR"
228 [140146009970432] INFO perfrun.perfcollector <> - DRY_RUN : "reg_type       = 1	event_id       = g	reg_id         = 38f	reg_value      = 70000000f"
228 [140146009970432] INFO perfrun.perfcollector <> - eventId : g , ignored
228 [140146009970432] INFO perfrun.perfcollector <> - DRY_RUN : "reg_type       = 1	event_id       = g	reg_id         = 390	reg_value      = 70000000f"
228 [140146009970432] INFO perfrun.perfcollector <> - eventId : g , ignored
228 [140146009970432] INFO perfrun.perfcollector <> - DRY_RUN : "reg_type       = 1	event_id       = g	reg_id         = 3f1	reg_value      = 0"
228 [140146009970432] INFO perfrun.perfcollector <> - eventId : g , ignored
228 [140146009970432] INFO perfrun.perfcollector <> - DRY_RUN : "reg_type       = 1	event_id       = g	reg_id         = 1d9	reg_value      = 1800"
228 [140146009970432] INFO perfrun.perfcollector <> - eventId : g , ignored
228 [140146009970432] INFO perfrun.perfcollector <> - DRY_RUN : "reg_type       = 1	event_id       = g	reg_id         = 38d	reg_value      = bbb"
228 [140146009970432] INFO perfrun.perfcollector <> - eventId : g , ignored
228 [140146009970432] INFO perfrun.perfcollector <> - DRY_RUN : "reg_type       = 1	event_id       = 7	reg_id         = 186	reg_value      = 5320c7"
228 [140146009970432] INFO perfrun.perfcollector <> - eventId : 7 , cccrAddr : 186 , cccrVal : 5320c7
228 [140146009970432] INFO perfrun.perfcollector <> - DRY_RUN : "reg_type       = 1	event_id       = 8	reg_id         = 187	reg_value      = 5301c7"
228 [140146009970432] INFO perfrun.perfcollector <> - eventId : 8 , cccrAddr : 187 , cccrVal : 5301c7
228 [140146009970432] INFO perfrun.perfcollector <> - DRY_RUN : "reg_type       = 1	event_id       = 9	reg_id         = 188	reg_value      = 5304c7"
228 [140146009970432] INFO perfrun.perfcollector <> - eventId : 9 , cccrAddr : 188 , cccrVal : 5304c7
228 [140146009970432] INFO perfrun.perfcollector <> - DRY_RUN : "reg_type       = 1	event_id       = 10	reg_id         = 189	reg_value      = 5310c7"
228 [140146009970432] INFO perfrun.perfcollector <> - eventId : 10 , cccrAddr : 189 , cccrVal : 5310c7
228 [140146009970432] INFO perfrun.perfcollector <> - DRY_RUN : "ESCR"
228 [140146009970432] INFO perfrun.perfcollector <> - DRY_RUN : "reg_type       = 2	event_id       = g	reg_id         = 1c8	reg_value      = 0"
228 [140146009970432] INFO perfrun.perfcollector <> - eventId : g , ignored
229 [140146009970432] INFO perfrun.perfcollector <> - DRY_RUN : "DATA"
229 [140146009970432] INFO perfrun.perfcollector <> - DRY_RUN : "reg_type       = 4	event_id       = 2	reg_id         = 309	reg_value      = ffffffc78ae0"
229 [140146009970432] INFO perfrun.perfcollector <> - eventId : 2 , dataAddr : 309 , dataVal : ffffffc78ae0
229 [140146009970432] INFO perfrun.perfcollector <> - DRY_RUN : "reg_type       = 4	event_id       = 0	reg_id         = 30a	reg_value      = ffffffe17b7d"
229 [140146009970432] INFO perfrun.perfcollector <> - eventId : 0 , dataAddr : 30a , dataVal : ffffffe17b7d
229 [140146009970432] INFO perfrun.perfcollector <> - DRY_RUN : "reg_type       = 4	event_id       = 1	reg_id         = 30b	reg_value      = ffffffc78ae0"
229 [140146009970432] INFO perfrun.perfcollector <> - eventId : 1 , dataAddr : 30b , dataVal : ffffffc78ae0
229 [140146009970432] INFO perfrun.perfcollector <> - DRY_RUN : "reg_type       = 4	event_id       = 7	reg_id         = c1	reg_value      = ffffffe17b7d"
229 [140146009970432] INFO perfrun.perfcollector <> - eventId : 7 , dataAddr : c1 , dataVal : ffffffe17b7d
229 [140146009970432] INFO perfrun.perfcollector <> - DRY_RUN : "reg_type       = 4	event_id       = 8	reg_id         = c2	reg_value      = ffffffe17b7d"
229 [140146009970432] INFO perfrun.perfcollector <> - eventId : 8 , dataAddr : c2 , dataVal : ffffffe17b7d
229 [140146009970432] INFO perfrun.perfcollector <> - DRY_RUN : "reg_type       = 4	event_id       = 9	reg_id         = c3	reg_value      = ffffffe17b7d"
229 [140146009970432] INFO perfrun.perfcollector <> - eventId : 9 , dataAddr : c3 , dataVal : ffffffe17b7d
229 [140146009970432] INFO perfrun.perfcollector <> - DRY_RUN : "reg_type       = 4	event_id       = 10	reg_id         = c4	reg_value      = ffffffe17b7d"
229 [140146009970432] INFO perfrun.perfcollector <> - eventId : 10 , dataAddr : c4 , dataVal : ffffffe17b7d
229 [140146009970432] INFO perfrun.perfcollector <> - DRY_RUN : "Group 2:"
229 [140146009970432] INFO perfrun.perfcollector <> - id : 2
229 [140146009970432] INFO perfrun.perfcollector <> - DRY_RUN : "INST_RETIRED.ANY: event id 2"
229 [140146009970432] INFO perfrun.perfcollector <> - eventName : INST_RETIRED.ANY , eventId : 2
229 [140146009970432] INFO perfrun.perfcollector <> - DRY_RUN : "CPU_CLK_UNHALTED.THREAD: event id 0"
229 [140146009970432] INFO perfrun.perfcollector <> - eventName : CPU_CLK_UNHALTED.THREAD , eventId : 0
229 [140146009970432] INFO perfrun.perfcollector <> - DRY_RUN : "CPU_CLK_UNHALTED.REF_TSC: event id 1"
229 [140146009970432] INFO perfrun.perfcollector <> - eventName : CPU_CLK_UNHALTED.REF_TSC , eventId : 1
229 [140146009970432] INFO perfrun.perfcollector <> - DRY_RUN : "UOPS_EXECUTED.X87: event id 11"
229 [140146009970432] INFO perfrun.perfcollector <> - eventName : UOPS_EXECUTED.X87 , eventId : 11
229 [140146009970432] INFO perfrun.perfcollector <> - DRY_RUN : "UOPS_RETIRED.RETIRE_SLOTS: event id 12"
229 [140146009970432] INFO perfrun.perfcollector <> - eventName : UOPS_RETIRED.RETIRE_SLOTS , eventId : 12
229 [140146009970432] INFO perfrun.perfcollector <> - DRY_RUN : "UOPS_EXECUTED.THREAD: event id 13"
229 [140146009970432] INFO perfrun.perfcollector <> - eventName : UOPS_EXECUTED.THREAD , eventId : 13
229 [140146009970432] INFO perfrun.perfcollector <> - DRY_RUN : "CCCR"
229 [140146009970432] INFO perfrun.perfcollector <> - DRY_RUN : "reg_type       = 1	event_id       = g	reg_id         = 38f	reg_value      = 700000007"
229 [140146009970432] INFO perfrun.perfcollector <> - eventId : g , ignored
229 [140146009970432] INFO perfrun.perfcollector <> - DRY_RUN : "reg_type       = 1	event_id       = g	reg_id         = 390	reg_value      = 700000007"
229 [140146009970432] INFO perfrun.perfcollector <> - eventId : g , ignored
229 [140146009970432] INFO perfrun.perfcollector <> - DRY_RUN : "reg_type       = 1	event_id       = g	reg_id         = 3f1	reg_value      = 0"
230 [140146009970432] INFO perfrun.perfcollector <> - eventId : g , ignored
230 [140146009970432] INFO perfrun.perfcollector <> - DRY_RUN : "reg_type       = 1	event_id       = g	reg_id         = 1d9	reg_value      = 1800"
230 [140146009970432] INFO perfrun.perfcollector <> - eventId : g , ignored
230 [140146009970432] INFO perfrun.perfcollector <> - DRY_RUN : "reg_type       = 1	event_id       = g	reg_id         = 38d	reg_value      = bbb"
230 [140146009970432] INFO perfrun.perfcollector <> - eventId : g , ignored
230 [140146009970432] INFO perfrun.perfcollector <> - DRY_RUN : "reg_type       = 1	event_id       = 11	reg_id         = 186	reg_value      = 5310b1"
230 [140146009970432] INFO perfrun.perfcollector <> - eventId : 11 , cccrAddr : 186 , cccrVal : 5310b1
230 [140146009970432] INFO perfrun.perfcollector <> - DRY_RUN : "reg_type       = 1	event_id       = 12	reg_id         = 187	reg_value      = 5302c2"
230 [140146009970432] INFO perfrun.perfcollector <> - eventId : 12 , cccrAddr : 187 , cccrVal : 5302c2
230 [140146009970432] INFO perfrun.perfcollector <> - DRY_RUN : "reg_type       = 1	event_id       = 13	reg_id         = 188	reg_value      = 5301b1"
230 [140146009970432] INFO perfrun.perfcollector <> - eventId : 13 , cccrAddr : 188 , cccrVal : 5301b1
230 [140146009970432] INFO perfrun.perfcollector <> - DRY_RUN : "ESCR"
230 [140146009970432] INFO perfrun.perfcollector <> - DRY_RUN : "reg_type       = 2	event_id       = g	reg_id         = 1c8	reg_value      = 0"
230 [140146009970432] INFO perfrun.perfcollector <> - eventId : g , ignored
230 [140146009970432] INFO perfrun.perfcollector <> - DRY_RUN : "DATA"
230 [140146009970432] INFO perfrun.perfcollector <> - DRY_RUN : "reg_type       = 4	event_id       = 2	reg_id         = 309	reg_value      = ffffffc78ae0"
230 [140146009970432] INFO perfrun.perfcollector <> - eventId : 2 , dataAddr : 309 , dataVal : ffffffc78ae0
230 [140146009970432] INFO perfrun.perfcollector <> - DRY_RUN : "reg_type       = 4	event_id       = 0	reg_id         = 30a	reg_value      = ffffffe17b7d"
230 [140146009970432] INFO perfrun.perfcollector <> - eventId : 0 , dataAddr : 30a , dataVal : ffffffe17b7d
230 [140146009970432] INFO perfrun.perfcollector <> - DRY_RUN : "reg_type       = 4	event_id       = 1	reg_id         = 30b	reg_value      = ffffffc78ae0"
230 [140146009970432] INFO perfrun.perfcollector <> - eventId : 1 , dataAddr : 30b , dataVal : ffffffc78ae0
230 [140146009970432] INFO perfrun.perfcollector <> - DRY_RUN : "reg_type       = 4	event_id       = 11	reg_id         = c1	reg_value      = ffffffe17b7d"
230 [140146009970432] INFO perfrun.perfcollector <> - eventId : 11 , dataAddr : c1 , dataVal : ffffffe17b7d
230 [140146009970432] INFO perfrun.perfcollector <> - DRY_RUN : "reg_type       = 4	event_id       = 12	reg_id         = c2	reg_value      = ffffffe17b7d"
230 [140146009970432] INFO perfrun.perfcollector <> - eventId : 12 , dataAddr : c2 , dataVal : ffffffe17b7d
230 [140146009970432] INFO perfrun.perfcollector <> - DRY_RUN : "reg_type       = 4	event_id       = 13	reg_id         = c3	reg_value      = ffffffe17b7d"
230 [140146009970432] INFO perfrun.perfcollector <> - eventId : 13 , dataAddr : c3 , dataVal : ffffffe17b7d
231 [140146009970432] INFO perfrun.perfcollector <> - pmu config : cpu , m_cccrAddr : ffffffff , m_cccrVal : 0 , m_escrAddr : ffffffff , m_escrVal : 0 , m_dataAddr : 30a , m_dataVal : ffffffffffe17b7d
231 [140146009970432] INFO perfrun.perfcollector <> - config : event : 3c
231 [140146009970432] INFO perfrun.perfcollector <> - config : pc : 0
231 [140146009970432] INFO perfrun.perfcollector <> - config : in_tx : 0
231 [140146009970432] INFO perfrun.perfcollector <> - config : edge : 0
231 [140146009970432] INFO perfrun.perfcollector <> - config : any : 0
231 [140146009970432] INFO perfrun.perfcollector <> - config1 : offcore_rsp : 0
231 [140146009970432] INFO perfrun.perfcollector <> - config : in_tx_cp : 0
231 [140146009970432] INFO perfrun.perfcollector <> - config1 : ldlat : 0
231 [140146009970432] INFO perfrun.perfcollector <> - config : inv : 0
231 [140146009970432] INFO perfrun.perfcollector <> - config : umask : 0
231 [140146009970432] INFO perfrun.perfcollector <> - config1 : frontend : 0
231 [140146009970432] INFO perfrun.perfcollector <> - config : cmask : 0
231 [140146009970432] INFO perfrun.perfcollector <> - format : cpu/event=0x3c,name='CPU_CLK_UNHALTED.THREAD'/D
231 [140146009970432] INFO perfrun.perfcollector <> - pmu config : cpu , m_cccrAddr : ffffffff , m_cccrVal : 0 , m_escrAddr : ffffffff , m_escrVal : 0 , m_dataAddr : 30b , m_dataVal : ffffffffffc78ae0
231 [140146009970432] INFO perfrun.perfcollector <> - config : event : 0
232 [140146009970432] INFO perfrun.perfcollector <> - config : pc : 0
232 [140146009970432] INFO perfrun.perfcollector <> - config : in_tx : 0
232 [140146009970432] INFO perfrun.perfcollector <> - config : edge : 0
232 [140146009970432] INFO perfrun.perfcollector <> - config : any : 0
232 [140146009970432] INFO perfrun.perfcollector <> - config1 : offcore_rsp : 0
232 [140146009970432] INFO perfrun.perfcollector <> - config : in_tx_cp : 0
232 [140146009970432] INFO perfrun.perfcollector <> - config1 : ldlat : 0
232 [140146009970432] INFO perfrun.perfcollector <> - config : inv : 0
232 [140146009970432] INFO perfrun.perfcollector <> - config : umask : 3
232 [140146009970432] INFO perfrun.perfcollector <> - config1 : frontend : 0
232 [140146009970432] INFO perfrun.perfcollector <> - config : cmask : 0
232 [140146009970432] INFO perfrun.perfcollector <> - format : cpu/umask=0x3,name='CPU_CLK_UNHALTED.REF_TSC'/D
232 [140146009970432] INFO perfrun.perfcollector <> - pmu config : cpu , m_cccrAddr : ffffffff , m_cccrVal : 0 , m_escrAddr : ffffffff , m_escrVal : 0 , m_dataAddr : 309 , m_dataVal : ffffffffffc78ae0
232 [140146009970432] INFO perfrun.perfcollector <> - config : event : c0
232 [140146009970432] INFO perfrun.perfcollector <> - config : pc : 0
232 [140146009970432] INFO perfrun.perfcollector <> - config : in_tx : 0
232 [140146009970432] INFO perfrun.perfcollector <> - config : edge : 0
232 [140146009970432] INFO perfrun.perfcollector <> - config : any : 0
232 [140146009970432] INFO perfrun.perfcollector <> - config1 : offcore_rsp : 0
232 [140146009970432] INFO perfrun.perfcollector <> - config : in_tx_cp : 0
232 [140146009970432] INFO perfrun.perfcollector <> - config1 : ldlat : 0
232 [140146009970432] INFO perfrun.perfcollector <> - config : inv : 0
232 [140146009970432] INFO perfrun.perfcollector <> - config : umask : 0
232 [140146009970432] INFO perfrun.perfcollector <> - config1 : frontend : 0
232 [140146009970432] INFO perfrun.perfcollector <> - config : cmask : 0
232 [140146009970432] INFO perfrun.perfcollector <> - format : cpu/event=0xc0,name='INST_RETIRED.ANY'/D
232 [140146009970432] INFO perfrun.perfcollector <> - pmu config : cpu , m_cccrAddr : 186 , m_cccrVal : 53013c , m_escrAddr : ffffffff , m_escrVal : 0 , m_dataAddr : c1 , m_dataVal : ffffffffffff9e55
232 [140146009970432] INFO perfrun.perfcollector <> - config : event : 3c
232 [140146009970432] INFO perfrun.perfcollector <> - config : pc : 0
232 [140146009970432] INFO perfrun.perfcollector <> - config : in_tx : 0
232 [140146009970432] INFO perfrun.perfcollector <> - config : edge : 0
232 [140146009970432] INFO perfrun.perfcollector <> - config : any : 0
232 [140146009970432] INFO perfrun.perfcollector <> - config1 : offcore_rsp : 0
232 [140146009970432] INFO perfrun.perfcollector <> - config : in_tx_cp : 0
232 [140146009970432] INFO perfrun.perfcollector <> - config1 : ldlat : 0
232 [140146009970432] INFO perfrun.perfcollector <> - config : inv : 0
232 [140146009970432] INFO perfrun.perfcollector <> - config : umask : 1
232 [140146009970432] INFO perfrun.perfcollector <> - config1 : frontend : 0
232 [140146009970432] INFO perfrun.perfcollector <> - config : cmask : 0
232 [140146009970432] INFO perfrun.perfcollector <> - format : cpu/event=0x3c,umask=0x1,name='CPU_CLK_UNHALTED.REF_XCLK'/
233 [140146009970432] INFO perfrun.perfcollector <> - pmu config : cpu , m_cccrAddr : 187 , m_cccrVal : 53023c , m_escrAddr : ffffffff , m_escrVal : 0 , m_dataAddr : c2 , m_dataVal : ffffffffffff9e55
233 [140146009970432] INFO perfrun.perfcollector <> - config : event : 3c
233 [140146009970432] INFO perfrun.perfcollector <> - config : pc : 0
233 [140146009970432] INFO perfrun.perfcollector <> - config : in_tx : 0
233 [140146009970432] INFO perfrun.perfcollector <> - config : edge : 0
233 [140146009970432] INFO perfrun.perfcollector <> - config : any : 0
233 [140146009970432] INFO perfrun.perfcollector <> - config1 : offcore_rsp : 0
233 [140146009970432] INFO perfrun.perfcollector <> - config : in_tx_cp : 0
233 [140146009970432] INFO perfrun.perfcollector <> - config1 : ldlat : 0
233 [140146009970432] INFO perfrun.perfcollector <> - config : inv : 0
233 [140146009970432] INFO perfrun.perfcollector <> - config : umask : 2
233 [140146009970432] INFO perfrun.perfcollector <> - config1 : frontend : 0
233 [140146009970432] INFO perfrun.perfcollector <> - config : cmask : 0
233 [140146009970432] INFO perfrun.perfcollector <> - format : cpu/event=0x3c,umask=0x2,name='CPU_CLK_UNHALTED.ONE_THREAD_ACTIVE'/
233 [140146009970432] INFO perfrun.perfcollector <> - pmu config : cpu , m_cccrAddr : 188 , m_cccrVal : 5302c7 , m_escrAddr : ffffffff , m_escrVal : 0 , m_dataAddr : c3 , m_dataVal : ffffffffffe17b7d
233 [140146009970432] INFO perfrun.perfcollector <> - config : event : c7
233 [140146009970432] INFO perfrun.perfcollector <> - config : pc : 0
233 [140146009970432] INFO perfrun.perfcollector <> - config : in_tx : 0
233 [140146009970432] INFO perfrun.perfcollector <> - config : edge : 0
233 [140146009970432] INFO perfrun.perfcollector <> - config : any : 0
233 [140146009970432] INFO perfrun.perfcollector <> - config1 : offcore_rsp : 0
233 [140146009970432] INFO perfrun.perfcollector <> - config : in_tx_cp : 0
233 [140146009970432] INFO perfrun.perfcollector <> - config1 : ldlat : 0
233 [140146009970432] INFO perfrun.perfcollector <> - config : inv : 0
233 [140146009970432] INFO perfrun.perfcollector <> - config : umask : 2
233 [140146009970432] INFO perfrun.perfcollector <> - config1 : frontend : 0
233 [140146009970432] INFO perfrun.perfcollector <> - config : cmask : 0
233 [140146009970432] INFO perfrun.perfcollector <> - format : cpu/event=0xc7,umask=0x2,name='FP_ARITH_INST_RETIRED.SCALAR_SINGLE'/
233 [140146009970432] INFO perfrun.perfcollector <> - pmu config : cpu , m_cccrAddr : 189 , m_cccrVal : 5308c7 , m_escrAddr : ffffffff , m_escrVal : 0 , m_dataAddr : c4 , m_dataVal : ffffffffffe17b7d
233 [140146009970432] INFO perfrun.perfcollector <> - config : event : c7
233 [140146009970432] INFO perfrun.perfcollector <> - config : pc : 0
233 [140146009970432] INFO perfrun.perfcollector <> - config : in_tx : 0
233 [140146009970432] INFO perfrun.perfcollector <> - config : edge : 0
233 [140146009970432] INFO perfrun.perfcollector <> - config : any : 0
233 [140146009970432] INFO perfrun.perfcollector <> - config1 : offcore_rsp : 0
233 [140146009970432] INFO perfrun.perfcollector <> - config : in_tx_cp : 0
233 [140146009970432] INFO perfrun.perfcollector <> - config1 : ldlat : 0
233 [140146009970432] INFO perfrun.perfcollector <> - config : inv : 0
233 [140146009970432] INFO perfrun.perfcollector <> - config : umask : 8
234 [140146009970432] INFO perfrun.perfcollector <> - config1 : frontend : 0
234 [140146009970432] INFO perfrun.perfcollector <> - config : cmask : 0
234 [140146009970432] INFO perfrun.perfcollector <> - format : cpu/event=0xc7,umask=0x8,name='FP_ARITH_INST_RETIRED.128B_PACKED_SINGLE'/
234 [140146009970432] INFO perfrun.perfcollector <> - pmu config : cpu , m_cccrAddr : 186 , m_cccrVal : 5320c7 , m_escrAddr : ffffffff , m_escrVal : 0 , m_dataAddr : c1 , m_dataVal : ffffffffffe17b7d
234 [140146009970432] INFO perfrun.perfcollector <> - config : event : c7
234 [140146009970432] INFO perfrun.perfcollector <> - config : pc : 0
234 [140146009970432] INFO perfrun.perfcollector <> - config : in_tx : 0
234 [140146009970432] INFO perfrun.perfcollector <> - config : edge : 0
234 [140146009970432] INFO perfrun.perfcollector <> - config : any : 0
234 [140146009970432] INFO perfrun.perfcollector <> - config1 : offcore_rsp : 0
234 [140146009970432] INFO perfrun.perfcollector <> - config : in_tx_cp : 0
234 [140146009970432] INFO perfrun.perfcollector <> - config1 : ldlat : 0
234 [140146009970432] INFO perfrun.perfcollector <> - config : inv : 0
234 [140146009970432] INFO perfrun.perfcollector <> - config : umask : 20
234 [140146009970432] INFO perfrun.perfcollector <> - config1 : frontend : 0
234 [140146009970432] INFO perfrun.perfcollector <> - config : cmask : 0
234 [140146009970432] INFO perfrun.perfcollector <> - format : cpu/event=0xc7,umask=0x20,name='FP_ARITH_INST_RETIRED.256B_PACKED_SINGLE'/
234 [140146009970432] INFO perfrun.perfcollector <> - pmu config : cpu , m_cccrAddr : 187 , m_cccrVal : 5301c7 , m_escrAddr : ffffffff , m_escrVal : 0 , m_dataAddr : c2 , m_dataVal : ffffffffffe17b7d
234 [140146009970432] INFO perfrun.perfcollector <> - config : event : c7
234 [140146009970432] INFO perfrun.perfcollector <> - config : pc : 0
234 [140146009970432] INFO perfrun.perfcollector <> - config : in_tx : 0
234 [140146009970432] INFO perfrun.perfcollector <> - config : edge : 0
234 [140146009970432] INFO perfrun.perfcollector <> - config : any : 0
234 [140146009970432] INFO perfrun.perfcollector <> - config1 : offcore_rsp : 0
234 [140146009970432] INFO perfrun.perfcollector <> - config : in_tx_cp : 0
234 [140146009970432] INFO perfrun.perfcollector <> - config1 : ldlat : 0
234 [140146009970432] INFO perfrun.perfcollector <> - config : inv : 0
234 [140146009970432] INFO perfrun.perfcollector <> - config : umask : 1
234 [140146009970432] INFO perfrun.perfcollector <> - config1 : frontend : 0
234 [140146009970432] INFO perfrun.perfcollector <> - config : cmask : 0
234 [140146009970432] INFO perfrun.perfcollector <> - format : cpu/event=0xc7,umask=0x1,name='FP_ARITH_INST_RETIRED.SCALAR_DOUBLE'/
234 [140146009970432] INFO perfrun.perfcollector <> - pmu config : cpu , m_cccrAddr : 188 , m_cccrVal : 5304c7 , m_escrAddr : ffffffff , m_escrVal : 0 , m_dataAddr : c3 , m_dataVal : ffffffffffe17b7d
234 [140146009970432] INFO perfrun.perfcollector <> - config : event : c7
234 [140146009970432] INFO perfrun.perfcollector <> - config : pc : 0
234 [140146009970432] INFO perfrun.perfcollector <> - config : in_tx : 0
234 [140146009970432] INFO perfrun.perfcollector <> - config : edge : 0
234 [140146009970432] INFO perfrun.perfcollector <> - config : any : 0
234 [140146009970432] INFO perfrun.perfcollector <> - config1 : offcore_rsp : 0
234 [140146009970432] INFO perfrun.perfcollector <> - config : in_tx_cp : 0
235 [140146009970432] INFO perfrun.perfcollector <> - config1 : ldlat : 0
235 [140146009970432] INFO perfrun.perfcollector <> - config : inv : 0
235 [140146009970432] INFO perfrun.perfcollector <> - config : umask : 4
235 [140146009970432] INFO perfrun.perfcollector <> - config1 : frontend : 0
235 [140146009970432] INFO perfrun.perfcollector <> - config : cmask : 0
235 [140146009970432] INFO perfrun.perfcollector <> - format : cpu/event=0xc7,umask=0x4,name='FP_ARITH_INST_RETIRED.128B_PACKED_DOUBLE'/
235 [140146009970432] INFO perfrun.perfcollector <> - pmu config : cpu , m_cccrAddr : 189 , m_cccrVal : 5310c7 , m_escrAddr : ffffffff , m_escrVal : 0 , m_dataAddr : c4 , m_dataVal : ffffffffffe17b7d
235 [140146009970432] INFO perfrun.perfcollector <> - config : event : c7
235 [140146009970432] INFO perfrun.perfcollector <> - config : pc : 0
235 [140146009970432] INFO perfrun.perfcollector <> - config : in_tx : 0
235 [140146009970432] INFO perfrun.perfcollector <> - config : edge : 0
235 [140146009970432] INFO perfrun.perfcollector <> - config : any : 0
235 [140146009970432] INFO perfrun.perfcollector <> - config1 : offcore_rsp : 0
235 [140146009970432] INFO perfrun.perfcollector <> - config : in_tx_cp : 0
235 [140146009970432] INFO perfrun.perfcollector <> - config1 : ldlat : 0
235 [140146009970432] INFO perfrun.perfcollector <> - config : inv : 0
235 [140146009970432] INFO perfrun.perfcollector <> - config : umask : 10
235 [140146009970432] INFO perfrun.perfcollector <> - config1 : frontend : 0
235 [140146009970432] INFO perfrun.perfcollector <> - config : cmask : 0
235 [140146009970432] INFO perfrun.perfcollector <> - format : cpu/event=0xc7,umask=0x10,name='FP_ARITH_INST_RETIRED.256B_PACKED_DOUBLE'/
235 [140146009970432] INFO perfrun.perfcollector <> - pmu config : cpu , m_cccrAddr : 186 , m_cccrVal : 5310b1 , m_escrAddr : ffffffff , m_escrVal : 0 , m_dataAddr : c1 , m_dataVal : ffffffffffe17b7d
235 [140146009970432] INFO perfrun.perfcollector <> - config : event : b1
235 [140146009970432] INFO perfrun.perfcollector <> - config : pc : 0
235 [140146009970432] INFO perfrun.perfcollector <> - config : in_tx : 0
235 [140146009970432] INFO perfrun.perfcollector <> - config : edge : 0
235 [140146009970432] INFO perfrun.perfcollector <> - config : any : 0
235 [140146009970432] INFO perfrun.perfcollector <> - config1 : offcore_rsp : 0
235 [140146009970432] INFO perfrun.perfcollector <> - config : in_tx_cp : 0
235 [140146009970432] INFO perfrun.perfcollector <> - config1 : ldlat : 0
235 [140146009970432] INFO perfrun.perfcollector <> - config : inv : 0
235 [140146009970432] INFO perfrun.perfcollector <> - config : umask : 10
235 [140146009970432] INFO perfrun.perfcollector <> - config1 : frontend : 0
235 [140146009970432] INFO perfrun.perfcollector <> - config : cmask : 0
235 [140146009970432] INFO perfrun.perfcollector <> - format : cpu/event=0xb1,umask=0x10,name='UOPS_EXECUTED.X87'/
235 [140146009970432] INFO perfrun.perfcollector <> - pmu config : cpu , m_cccrAddr : 187 , m_cccrVal : 5302c2 , m_escrAddr : ffffffff , m_escrVal : 0 , m_dataAddr : c2 , m_dataVal : ffffffffffe17b7d
235 [140146009970432] INFO perfrun.perfcollector <> - config : event : c2
235 [140146009970432] INFO perfrun.perfcollector <> - config : pc : 0
235 [140146009970432] INFO perfrun.perfcollector <> - config : in_tx : 0
235 [140146009970432] INFO perfrun.perfcollector <> - config : edge : 0
235 [140146009970432] INFO perfrun.perfcollector <> - config : any : 0
236 [140146009970432] INFO perfrun.perfcollector <> - config1 : offcore_rsp : 0
236 [140146009970432] INFO perfrun.perfcollector <> - config : in_tx_cp : 0
236 [140146009970432] INFO perfrun.perfcollector <> - config1 : ldlat : 0
236 [140146009970432] INFO perfrun.perfcollector <> - config : inv : 0
236 [140146009970432] INFO perfrun.perfcollector <> - config : umask : 2
236 [140146009970432] INFO perfrun.perfcollector <> - config1 : frontend : 0
236 [140146009970432] INFO perfrun.perfcollector <> - config : cmask : 0
236 [140146009970432] INFO perfrun.perfcollector <> - format : cpu/event=0xc2,umask=0x2,name='UOPS_RETIRED.RETIRE_SLOTS'/
236 [140146009970432] INFO perfrun.perfcollector <> - pmu config : cpu , m_cccrAddr : 188 , m_cccrVal : 5301b1 , m_escrAddr : ffffffff , m_escrVal : 0 , m_dataAddr : c3 , m_dataVal : ffffffffffe17b7d
236 [140146009970432] INFO perfrun.perfcollector <> - config : event : b1
236 [140146009970432] INFO perfrun.perfcollector <> - config : pc : 0
236 [140146009970432] INFO perfrun.perfcollector <> - config : in_tx : 0
236 [140146009970432] INFO perfrun.perfcollector <> - config : edge : 0
236 [140146009970432] INFO perfrun.perfcollector <> - config : any : 0
236 [140146009970432] INFO perfrun.perfcollector <> - config1 : offcore_rsp : 0
236 [140146009970432] INFO perfrun.perfcollector <> - config : in_tx_cp : 0
236 [140146009970432] INFO perfrun.perfcollector <> - config1 : ldlat : 0
236 [140146009970432] INFO perfrun.perfcollector <> - config : inv : 0
236 [140146009970432] INFO perfrun.perfcollector <> - config : umask : 1
236 [140146009970432] INFO perfrun.perfcollector <> - config1 : frontend : 0
236 [140146009970432] INFO perfrun.perfcollector <> - config : cmask : 0
236 [140146009970432] INFO perfrun.perfcollector <> - format : cpu/event=0xb1,umask=0x1,name='UOPS_EXECUTED.THREAD'/
236 [140146009970432] INFO perfrun.perfcollector <> - event: cpu/event=0x3c,name='CPU_CLK_UNHALTED.THREAD'/Duk , added for counting
236 [140146009970432] INFO perfrun.perfcollector <> - event: cpu/umask=0x3,name='CPU_CLK_UNHALTED.REF_TSC'/Duk , added for counting
236 [140146009970432] INFO perfrun.perfcollector <> - event: cpu/event=0xc0,name='INST_RETIRED.ANY'/Duk , added for counting
236 [140146009970432] INFO perfrun.perfcollector <> - event: cpu/event=0x3c,umask=0x1,name='CPU_CLK_UNHALTED.REF_XCLK'/uk , added for counting
236 [140146009970432] INFO perfrun.perfcollector <> - event: cpu/event=0x3c,umask=0x2,name='CPU_CLK_UNHALTED.ONE_THREAD_ACTIVE'/uk , added for counting
236 [140146009970432] INFO perfrun.perfcollector <> - event: cpu/event=0xc7,umask=0x2,name='FP_ARITH_INST_RETIRED.SCALAR_SINGLE'/uk , added for counting
236 [140146009970432] INFO perfrun.perfcollector <> - event: cpu/event=0xc7,umask=0x8,name='FP_ARITH_INST_RETIRED.128B_PACKED_SINGLE'/uk , added for counting
236 [140146009970432] INFO perfrun.perfcollector <> - event: cpu/event=0xc7,umask=0x20,name='FP_ARITH_INST_RETIRED.256B_PACKED_SINGLE'/uk , added for counting
236 [140146009970432] INFO perfrun.perfcollector <> - event: cpu/event=0xc7,umask=0x1,name='FP_ARITH_INST_RETIRED.SCALAR_DOUBLE'/uk , added for counting
236 [140146009970432] INFO perfrun.perfcollector <> - event: cpu/event=0xc7,umask=0x4,name='FP_ARITH_INST_RETIRED.128B_PACKED_DOUBLE'/uk , added for counting
236 [140146009970432] INFO perfrun.perfcollector <> - event: cpu/event=0xc7,umask=0x10,name='FP_ARITH_INST_RETIRED.256B_PACKED_DOUBLE'/uk , added for counting
236 [140146009970432] INFO perfrun.perfcollector <> - event: cpu/event=0xb1,umask=0x10,name='UOPS_EXECUTED.X87'/uk , added for counting
236 [140146009970432] INFO perfrun.perfcollector <> - event: cpu/event=0xc2,umask=0x2,name='UOPS_RETIRED.RETIRE_SLOTS'/uk , added for counting
236 [140146009970432] INFO perfrun.perfcollector <> - event: cpu/event=0xb1,umask=0x1,name='UOPS_EXECUTED.THREAD'/uk , added for counting
237 [140145914996480] WARN perfrun.perfcollector <> - Perf stat trace pipe capacity: read = 1048576, write = 1048576, at file: vcs/perfrun1/plugins/perfcollector/src/profiler.cpp:782
237 [140145914996480] INFO perfrun.perfcollector <> - Path to Perf control pipe: /home/u30005/tmp/amplxe-tmp-u30005/perf-pipe-9654-661383859725438
242 [140145914996480] INFO perfrun.perfcollector <> - Monitor: runCmd: "/opt/intel/inteloneapi/vtune/2021.1-beta01/bin64/amplxe-perf" stat --log-fd 12 --pipe "/home/u30005/tmp/amplxe-tmp-u30005/perf-pipe-9654-661383859725438" --pipe-sync -c -x ; -e cpu/event=0x3c,name='CPU_CLK_UNHALTED.THREAD'/Duk,cpu/umask=0x3,name='CPU_CLK_UNHALTED.REF_TSC'/Duk,cpu/event=0xc0,name='INST_RETIRED.ANY'/Duk,cpu/event=0x3c,umask=0x1,name='CPU_CLK_UNHALTED.REF_XCLK'/uk,cpu/event=0x3c,umask=0x2,name='CPU_CLK_UNHALTED.ONE_THREAD_ACTIVE'/uk,cpu/event=0xc7,umask=0x2,name='FP_ARITH_INST_RETIRED.SCALAR_SINGLE'/uk,cpu/event=0xc7,umask=0x8,name='FP_ARITH_INST_RETIRED.128B_PACKED_SINGLE'/uk,cpu/event=0xc7,umask=0x20,name='FP_ARITH_INST_RETIRED.256B_PACKED_SINGLE'/uk,cpu/event=0xc7,umask=0x1,name='FP_ARITH_INST_RETIRED.SCALAR_DOUBLE'/uk,cpu/event=0xc7,umask=0x4,name='FP_ARITH_INST_RETIRED.128B_PACKED_DOUBLE'/uk,cpu/event=0xc7,umask=0x10,name='FP_ARITH_INST_RETIRED.256B_PACKED_DOUBLE'/uk,cpu/event=0xb1,umask=0x10,name='UOPS_EXECUTED.X87'/uk,cpu/event=0xc2,umask=0x2,name='UOPS_RETIRED.RETIRE_SLOTS'/uk,cpu/event=0xb1,umask=0x1,name='UOPS_EXECUTED.THREAD'/uk "/opt/intel/inteloneapi/vtune/2021.1-beta01/bin64/amplxe-perf-sync" dryrun tsc
298 [140145902409472] INFO perfrun.perfcollector <> - PERF_STAT : "8594634;;CPU_CLK_UNHALTED.THREAD;2247738;100.00"
298 [140145914996480] INFO perfrun.perfcollector <> - Monitor: runCmd RC = true
298 [140145902409472] INFO perfrun.perfcollector <> - PERF_STAT : "7971502;;CPU_CLK_UNHALTED.REF_TSC;2247738;100.00"
298 [140145902409472] INFO perfrun.perfcollector <> - PERF_STAT : "9914211;;INST_RETIRED.ANY;2247738;100.00"
298 [140145902409472] INFO perfrun.perfcollector <> - PERF_STAT : "53121;;CPU_CLK_UNHALTED.REF_XCLK;1580780;70.33"
299 [140145902409472] INFO perfrun.perfcollector <> - PERF_STAT : "51835;;CPU_CLK_UNHALTED.ONE_THREAD_ACTIVE;2184340;97.18"
299 [140145902409472] INFO perfrun.perfcollector <> - PERF_STAT : "0;;FP_ARITH_INST_RETIRED.SCALAR_SINGLE;2247738;100.00"
299 [140145902409472] INFO perfrun.perfcollector <> - PERF_STAT : "0;;FP_ARITH_INST_RETIRED.128B_PACKED_SINGLE;666958;29.67"
299 [140145902409472] INFO perfrun.perfcollector <> - PERF_STAT : "0;;FP_ARITH_INST_RETIRED.256B_PACKED_SINGLE;63398;2.82"
299 [140145902409472] INFO perfrun.perfcollector <> - PERF_STAT : "<not counted>;;FP_ARITH_INST_RETIRED.SCALAR_DOUBLE;0;0.00"
299 [140145902409472] INFO perfrun.perfcollector <> - PERF_STAT : "<not counted>;;FP_ARITH_INST_RETIRED.128B_PACKED_DOUBLE;0;0.00"
299 [140145902409472] INFO perfrun.perfcollector <> - PERF_STAT : "<not counted>;;FP_ARITH_INST_RETIRED.256B_PACKED_DOUBLE;0;0.00"
299 [140145902409472] INFO perfrun.perfcollector <> - PERF_STAT : "<not counted>;;UOPS_EXECUTED.X87;0;0.00"
299 [140145902409472] INFO perfrun.perfcollector <> - PERF_STAT : "<not counted>;;UOPS_RETIRED.RETIRE_SLOTS;0;0.00"
299 [140145902409472] INFO perfrun.perfcollector <> - PERF_STAT : "<not counted>;;UOPS_EXECUTED.THREAD;0;0.00"
320 [140146009970432] INFO perfrun.tpss <> - initialize tpss controller
320 [140146009970432] INFO perfrun.tpss <> - configure collection mode: value = cpu:counters:nostack
320 [140146009970432] INFO perfrun.tpss <> - configure collection mode: value = cpu:stack
320 [140146009970432] INFO perfrun.tpss <> - default obj-size-min=1024
320 [140146009970432] INFO perfrun.tpss <> - default hash-table-size=0
351 [140146009970432] INFO perfrun.launcher <> - plugin [exprof] was disabled because it doesn't support the given collection type.
351 [140146009970432] INFO perfrun.launcher <> - plugin [ice] was disabled because it doesn't support the given collection type.
351 [140146009970432] INFO perfrun.launcher <> - plugin [] was disabled because it doesn't support the given collection type.
351 [140146009970432] INFO perfrun.launcher <> - plugin [] was disabled because it doesn't support the given collection type.
351 [140146009970432] INFO perfrun.launcher <> - plugin [parallelfs] was disabled because it doesn't support the given collection type.
351 [140146009970432] INFO perfrun.launcher <> - plugin [power] was disabled because it doesn't support the given collection type.
352 [140146233452352] INFO perfrun.launcher <> - set environment variable: LD_LIBRARY_PATH = /opt/intel/inteloneapi/vtune/2021.1-beta01/lib32/runtime:/opt/intel/inteloneapi/vtune/2021.1-beta01/lib64/runtime:/opt/intel/inteloneapi/vpl/latest/lib:/opt/intel/inteloneapi/tbb/2021.1-beta01/env/../lib/intel64/gcc4.8:/opt/intel/inteloneapi/mpi/2021.1-beta01//libfabric/lib:/opt/intel/inteloneapi/mpi/2021.1-beta01//lib/release:/opt/intel/inteloneapi/mpi/2021.1-beta01//lib:/opt/intel/inteloneapi/mkl/2021.1-beta01/lib/intel64:/opt/intel/inteloneapi/itac/2021.1-beta01/slib:/opt/intel/inteloneapi/ipp/latest/lib/intel64:/opt/intel/inteloneapi/ipp/latest/../../compiler/latest/linux/compiler/lib/intel64:/opt/intel/inteloneapi/dnnl/2021.1-beta01/cpu_dpcpp_gpu_dpcpp/lib:/opt/intel/inteloneapi/debugger/8.3-beta01/dep/lib:/opt/intel/inteloneapi/debugger/8.3-beta01/libipt/intel64/lib:/opt/intel/inteloneapi/debugger/8.3-beta01/gdb/intel64/lib:/opt/intel/inteloneapi/daal/latest/lib/intel64:/opt/intel/inteloneapi/compiler/latest/linux/lib:/opt/intel/inteloneapi/compiler/latest/linux/lib/x64:/opt/intel/inteloneapi/compiler/2021.1-beta01/linux/lib/oclfpga/board/intel_a10gx_pac/linux64/lib:/opt/intel/inteloneapi/compiler/2021.1-beta01/linux/lib/oclfpga/host/linux64/lib:/opt/intel/inteloneapi/compiler/2021.1-beta01/linux/lib/oclfpga/linux64/lib:/opt/intel/inteloneapi/compiler/latest/linux/compiler/lib/intel64_lin:/opt/intel/inteloneapi/compiler/latest/linux/compiler/lib:/opt/intel/inteloneapi/ccl/2021.1-beta01/lib:/glob/development-tools/versions/intel-parallel-studio/compilers_and_libraries_2019.3.199/linux/compiler/lib/intel64_lin:/glob/development-tools/versions/intel-parallel-studio/compilers_and_libraries_2019.3.199/linux/mpi/intel64/libfabric/lib:/glob/development-tools/versions/intel-parallel-studio/compilers_and_libraries_2019.3.199/linux/mpi/intel64/lib/release:/glob/development-tools/versions/intel-parallel-studio/compilers_and_libraries_2019.3.199/linux/mpi/intel64/lib:/glob/development-tools/versions/intel-parallel-studio/compilers_and_libraries_2019.3.199/linux/ipp/lib/intel64:/glob/development-tools/versions/intel-parallel-studio/compilers_and_libraries_2019.3.199/linux/compiler/lib/intel64_lin:/glob/development-tools/versions/intel-parallel-studio/compilers_and_libraries_2019.3.199/linux/mkl/lib/intel64_lin:/glob/development-tools/versions/intel-parallel-studio/compilers_and_libraries_2019.3.199/linux/tbb/lib/intel64/gcc4.7:/glob/development-tools/versions/intel-parallel-studio/compilers_and_libraries_2019.3.199/linux/tbb/lib/intel64/gcc4.7:/glob/development-tools/versions/intel-parallel-studio/debugger_2019/libipt/intel64/lib:/glob/development-tools/versions/intel-parallel-studio/compilers_and_libraries_2019.3.199/linux/daal/lib/intel64_lin:/glob/development-tools/versions/intel-parallel-studio/compilers_and_libraries_2019.3.199/linux/daal/../tbb/lib/intel64_lin/gcc4.4:/opt/intel/inteloneapi/compiler/latest/linux/lib/oclgpu
352 [140146233452352] INFO perfrun.launcher <> - set environment variable: INTEL_LIBITTNOTIFY32 = /opt/intel/inteloneapi/vtune/2021.1-beta01/lib32/runtime/libittnotify_collector.so
352 [140146233452352] INFO perfrun.launcher <> - set environment variable: INTEL_LIBITTNOTIFY64 = /opt/intel/inteloneapi/vtune/2021.1-beta01/lib64/runtime/libittnotify_collector.so
353 [140146233452352] INFO perfrun.launcher <> - set environment variable: INTEL_ITTNOTIFY_GROUPS = 
353 [140146233452352] INFO perfrun.launcher <> - set environment variable: INTEL_JIT_PROFILER32 = /opt/intel/inteloneapi/vtune/2021.1-beta01/lib32/runtime/libittnotify_collector.so
353 [140146233452352] INFO perfrun.launcher <> - set environment variable: INTEL_JIT_PROFILER64 = /opt/intel/inteloneapi/vtune/2021.1-beta01/lib64/runtime/libittnotify_collector.so
353 [140146233452352] INFO perfrun.launcher <> - set environment variable: VS_PROFILER = libittnotify_collector.so
354 [140146233452352] INFO perfrun.launcher <> - set environment variable: ENABLE_JITPROFILING = 1
354 [140146233452352] INFO perfrun.launcher <> - set environment variable: CL_CONFIG_USE_VTUNE = True
354 [140146233452352] INFO perfrun.launcher <> - set environment variable: __OCL_MIC_INTEL_LIBITTNOTIFY64 = /amplxe/results/libittnotify_collector.so
354 [140146233452352] INFO perfrun.launcher <> - set environment variable: __OCL_MIC_INTEL_JIT_PROFILER64 = /amplxe/results/libittnotify_collector.so
354 [140146233452352] INFO perfrun.launcher <> - set environment variable: KMP_FORKJOIN_FRAMES = 0
355 [140146233452352] INFO perfrun.launcher <> - set environment variable: KMP_FORKJOIN_FRAMES_MODE = 0
355 [140146233452352] INFO perfrun.launcher <> - RpcServer: run RPC server to handle requests
358 [140146233452352] INFO perfrun.launcher <> - Launcher: command line to start before modification = /home/u30005/sushma/gamma-correction/src/gamma_correction
359 [140146233452352] INFO perfrun.launcher <> - Launcher: command line to start after modification = /opt/intel/inteloneapi/vtune/2021.1-beta01/bin64/pin -error_file /home/u30005/sushma/gamma-correction/vtune-gamma_res/data.0/pinerr.tpsslog -detach_reattach -follow_execv -tool_load_option deepbind -t64 /opt/intel/inteloneapi/vtune/2021.1-beta01/lib64/libtpsstool.so -t /opt/intel/inteloneapi/vtune/2021.1-beta01/lib32/libtpsstool.so -server_name tpss_ipc.9654 -prd_dir /opt/intel/inteloneapi/vtune/2021.1-beta01 -- /home/u30005/sushma/gamma-correction/src/gamma_correction
359 [140146233452352] INFO perfrun.launcher <> - ProcessCreator object was created
360 [140146233452352] INFO perfrun.launcher <> - Launcher: the process was started in suspend mode
364 [140146009970432] INFO perfrun.system <> - Helper runtool '/opt/intel/inteloneapi/vtune/2021.1-beta01/bin32/amplxe-runss -dump-vdso -r /home/u30005/sushma/gamma-correction/vtune-gamma_res --tmp-dir /home/u30005/tmp/amplxe-tmp-u30005' returned 1
538 [140146009970432] INFO perfrun.system <> - Helper runtool '/opt/intel/inteloneapi/vtune/2021.1-beta01/bin64/amplxe-runss -dump-vdso -r /home/u30005/sushma/gamma-correction/vtune-gamma_res --tmp-dir /home/u30005/tmp/amplxe-tmp-u30005' returned 0
540 [140146009970432] INFO perfrun.system <> - OpenCL gpu adapter vendor Id 6659
541 [140146009970432] INFO perfrun.system <> - OpenCL gpu adapter vendor Id 32902
544 [140146009970432] WARN perfrun.system <> - Could not do anything with /sys/kernel/debug/kvm: boost::filesystem::status: Permission denied: "/sys/kernel/debug/kvm", at file: vcs/perfrun1/plugins/system/src/trace_writer.cpp:755
544 [140146009970432] WARN perfrun.system <> - Folder "/var/run/libvirt/qemu/"doesn't exist, at file: vcs/perfrun1/plugins/system/src/trace_writer.cpp:768
547 [140146009970432] WARN perfrun.sdk <> - Failed to find xl binary on any of the system paths: /bin, /sbin, /usr/bin, /usr/sbin., at file: vcs/perfrun1/sdk/src/utils.cpp:434
548 [140146009970432] WARN perfrun.system <> - Only 22 usec accuracy achieved for reference point, at file: vcs/perfrun1/plugins/system/src/trace_writer.cpp:376
548 [140146009970432] WARN perfrun.system <> - Could not start ContainerMapping collector, at file: vcs/perfrun1/plugins/system/src/controller.cpp:468
557 [140146009970432] INFO perfrun.itt <> - start itt controller for pid #9664
558 [140145877235456] WARN perfrun.perfcollector <> - Perf stat trace pipe capacity: read = 1048576, write = 1048576, at file: vcs/perfrun1/plugins/perfcollector/src/profiler.cpp:782
558 [140145877235456] INFO perfrun.perfcollector <> - Path to Perf control pipe: /home/u30005/tmp/amplxe-tmp-u30005/perf-pipe-9654-661385046324410
561 [140145877235456] INFO perfrun.perfcollector <> - Monitor: runCmd: "/opt/intel/inteloneapi/vtune/2021.1-beta01/bin64/amplxe-perf" stat --log-fd 23 --pipe "/home/u30005/tmp/amplxe-tmp-u30005/perf-pipe-9654-661385046324410" --pipe-sync -c -x ; -p 9664 -e cpu/event=0x3c,name='CPU_CLK_UNHALTED.THREAD'/Duk,cpu/umask=0x3,name='CPU_CLK_UNHALTED.REF_TSC'/Duk,cpu/event=0xc0,name='INST_RETIRED.ANY'/Duk,cpu/event=0x3c,umask=0x1,name='CPU_CLK_UNHALTED.REF_XCLK'/uk,cpu/event=0x3c,umask=0x2,name='CPU_CLK_UNHALTED.ONE_THREAD_ACTIVE'/uk,cpu/event=0xc7,umask=0x2,name='FP_ARITH_INST_RETIRED.SCALAR_SINGLE'/uk,cpu/event=0xc7,umask=0x8,name='FP_ARITH_INST_RETIRED.128B_PACKED_SINGLE'/uk,cpu/event=0xc7,umask=0x20,name='FP_ARITH_INST_RETIRED.256B_PACKED_SINGLE'/uk,cpu/event=0xc7,umask=0x1,name='FP_ARITH_INST_RETIRED.SCALAR_DOUBLE'/uk,cpu/event=0xc7,umask=0x4,name='FP_ARITH_INST_RETIRED.128B_PACKED_DOUBLE'/uk,cpu/event=0xc7,umask=0x10,name='FP_ARITH_INST_RETIRED.256B_PACKED_DOUBLE'/uk,cpu/event=0xb1,umask=0x10,name='UOPS_EXECUTED.X87'/uk,cpu/event=0xc2,umask=0x2,name='UOPS_RETIRED.RETIRE_SLOTS'/uk,cpu/event=0xb1,umask=0x1,name='UOPS_EXECUTED.THREAD'/uk "/opt/intel/inteloneapi/vtune/2021.1-beta01/bin64/amplxe-perf-sync" sync tsc
580 [140146009970432] INFO perfrun.tpss <> - start tpss controller for pid #9664
633 [140146233452352] INFO perfrun.launcher <> - Launcher: all plugins were started
633 [140146233452352] INFO perfrun.launcher <> - DirectoryMonitor object was created
633 [140146233452352] INFO perfrun.launcher <> - DirectoryMonitor: a callback was added
633 [140146233452352] INFO perfrun.launcher <> - DirectoryMonitor was started with pingTime = 1000
633 [140146233452352] INFO perfrun.launcher <> - DeadlineTimer is going to be constructed
633 [140146233452352] INFO perfrun.launcher <> - DeadlineTimer: a callback was added
650 [140146233452352] INFO perfrun.launcher <> - Launcher: resume the profiled application and  wait its termination or stop command
9850 [140146233452352] INFO perfrun.launcher <> - Launcher: the profiled application was terminated  with exit code = 0
9860 [140146009970432] WARN perfrun.system <> - Only 22 usec accuracy achieved for reference point, at file: vcs/perfrun1/plugins/system/src/trace_writer.cpp:376
9890 [140146009970432] INFO perfrun.itt <> - stop itt controller
9890 [140146009970432] INFO perfrun.itt <> - detach itt controller
9895 [140145655281408] INFO perfrun.perfcollector <> - PERF_STAT : "31322048032;;CPU_CLK_UNHALTED.THREAD;8057904368;100.00"
9895 [140145655281408] INFO perfrun.perfcollector <> - PERF_STAT : "29698330662;;CPU_CLK_UNHALTED.REF_TSC;8057904368;100.00"
9898 [140145655281408] INFO perfrun.perfcollector <> - PERF_STAT : "61408829703;;INST_RETIRED.ANY;8057904368;100.00"
9898 [140145655281408] INFO perfrun.perfcollector <> - PERF_STAT : "192793015;;CPU_CLK_UNHALTED.REF_XCLK;2204557290;27.36"
9898 [140145655281408] INFO perfrun.perfcollector <> - PERF_STAT : "192744508;;CPU_CLK_UNHALTED.ONE_THREAD_ACTIVE;2216716896;27.51"
9898 [140145655281408] INFO perfrun.perfcollector <> - PERF_STAT : "0;;FP_ARITH_INST_RETIRED.SCALAR_SINGLE;2235511061;27.74"
9898 [140145655281408] INFO perfrun.perfcollector <> - PERF_STAT : "0;;FP_ARITH_INST_RETIRED.128B_PACKED_SINGLE;2235485250;27.74"
9898 [140145655281408] INFO perfrun.perfcollector <> - PERF_STAT : "4;;FP_ARITH_INST_RETIRED.256B_PACKED_SINGLE;2229875530;27.67"
9898 [140145655281408] INFO perfrun.perfcollector <> - PERF_STAT : "16330427841;;FP_ARITH_INST_RETIRED.SCALAR_DOUBLE;2209734575;27.42"
9898 [140145655281408] INFO perfrun.perfcollector <> - PERF_STAT : "0;;FP_ARITH_INST_RETIRED.128B_PACKED_DOUBLE;2193425606;27.22"
9898 [140145655281408] INFO perfrun.perfcollector <> - PERF_STAT : "0;;FP_ARITH_INST_RETIRED.256B_PACKED_DOUBLE;2172244646;26.96"
9898 [140145655281408] INFO perfrun.perfcollector <> - PERF_STAT : "179399;;UOPS_EXECUTED.X87;2156964757;26.77"
9898 [140145655281408] INFO perfrun.perfcollector <> - PERF_STAT : "66456587553;;UOPS_RETIRED.RETIRE_SLOTS;2152060217;26.71"
9898 [140145877235456] INFO perfrun.perfcollector <> - Monitor: runCmd RC = true
9898 [140145655281408] INFO perfrun.perfcollector <> - PERF_STAT : "75227125500;;UOPS_EXECUTED.THREAD;2167137276;26.89"
9900 [140146009970432] INFO perfrun.perfcollector <> - Monitor: state = 3, error = 1
9901 [140146009970432] INFO perfrun.tpss <> - stop tpss controller
9948 [140146009970432] INFO perfrun.sdk <> - De-allocating TMU: /home/u30005/sushma/gamma-correction/vtune-gamma_res/data.0/systemcollector-9654-s001-n182.sc
9948 [140146009970432] INFO perfrun.system <> - closed the system trace file: /home/u30005/sushma/gamma-correction/vtune-gamma_res/data.0/systemcollector-9654-s001-n182.sc
9949 [140146233452352] INFO perfrun.launcher <> - Launcher: all plugins were stopped.
9949 [140146233452352] INFO perfrun.launcher <> - DeadlineTimer is going to be destroyed
9949 [140146233452352] INFO perfrun.launcher <> - DeadlineTimer was destroyed
9949 [140146233452352] INFO perfrun.launcher <> - DirectoryMonitor object was destroyed
9950 [140146233452352] WARN perfrun.launcher <> - Stop command is ignored because it is received when collection is already stopped, at file: vcs/perfrun1/launcher/src/command_handler.cpp:212
9963 [140146233452352] INFO perfrun.launcher <> - Application exit code: 0
9963 [140146233452352] INFO perfrun.launcher <> - Exit code: 0
