13 [140564100056896] INFO perfrun.launcher <> - Launcher main begin
30 [140564100056896] INFO perfrun.launcher <> - MessageCatalogInit finished
30 [140564100056896] INFO perfrun.launcher <> - Launcher instance created
30 [140564100056896] INFO perfrun.launcher <> - argc = 6; cmdline = /opt/intel/inteloneapi/advisor/2021.1-beta01/bin64/advixe-runss -dump-vdso -r /home/u30005/sushma/gamma-correction/advi_gamma_res/e000/hs000 --tmp-dir /home/u30005/tmp/advixe-tmp-u30005 
67 [140564100056896] INFO perfrun.launcher <> - plugin remoteplug has been added successfully
67 [140564100056896] INFO perfrun.launcher <> - plugin system has been added successfully
67 [140564100056896] INFO perfrun.launcher <> - plugin  has been added successfully
67 [140564100056896] INFO perfrun.launcher <> - plugin  has been added successfully
67 [140564100056896] INFO perfrun.launcher <> - plugin gpu has been added successfully
67 [140564100056896] INFO perfrun.launcher <> - plugin  has been added successfully
67 [140564100056896] INFO perfrun.launcher <> - plugin  has been added successfully
67 [140564100056896] INFO perfrun.launcher <> - plugin  has been added successfully
67 [140564100056896] INFO perfrun.launcher <> - plugin mrte has been added successfully
67 [140564100056896] INFO perfrun.launcher <> - plugin  has been added successfully
67 [140564100056896] INFO perfrun.launcher <> - plugin  has been added successfully
67 [140564100056896] INFO perfrun.launcher <> - plugin  has been added successfully
69 [140564100056896] INFO perfrun.launcher <> - plugin  has been added successfully
69 [140564100056896] INFO perfrun.launcher <> - plugin  has been added successfully
69 [140564100056896] INFO perfrun.launcher <> - plugin  has been added successfully
69 [140564100056896] INFO perfrun.launcher <> - plugin tpss has been added successfully
69 [140564100056896] INFO perfrun.launcher <> - plugin  has been added successfully
69 [140564100056896] INFO perfrun.launcher <> - plugin  has been added successfully
69 [140564100056896] INFO perfrun.launcher <> - plugin  has been added successfully
69 [140564100056896] INFO perfrun.launcher <> - plugin  has been added successfully
69 [140564100056896] INFO perfrun.launcher <> - plugin  has been added successfully
69 [140564100056896] INFO perfrun.launcher <> - plugin  has been added successfully
69 [140564100056896] INFO perfrun.launcher <> - plugin  has been added successfully
70 [140564100056896] INFO perfrun.launcher <> - the option was added --interval: Specify an interval of data collection (for example, sampling) in milliseconds.
70 [140564100056896] INFO perfrun.launcher <> - the option was added --follow-child: Profile process with or without children.
70 [140564100056896] INFO perfrun.launcher <> - the option was added --gelding: BADMSG: perfrun1.launcher.plugin_manager::gelding
70 [140564100056896] INFO perfrun.launcher <> - the option was added --time-source: Specify time source for measurement. Possible values: sys - wall clock time; tsc - time stamp counter; ext - time from an external source; auto - auto select accurate time source.
71 [140564100056896] INFO perfrun.launcher <> - the option was added --stack: Enable or disable collection of stacks.
71 [140564100056896] INFO perfrun.launcher <> - the option was added --stack-stitching: Enable or disable the stack stitching algorithm for Intel TBB-based applications.
71 [140564100056896] INFO perfrun.launcher <> - the option was added --type: Specify type of data to be collected. For example, --type cpu:counters,waiting:nostack,io.
71 [140564100056896] INFO perfrun.launcher <> - the option was added --mrte-mode: Specify Java/.NET/other managed runtime collection mode. Possible values: native - collect information only for native code; managed - collect information only for managed code; mixed - collect information for both managed and native code; auto - choose the mode based on binary type.
71 [140564100056896] INFO perfrun.launcher <> - the option was added --mrte-mode-list: List supported Java/.NET/other managed runtime collection modes.
71 [140564100056896] INFO perfrun.launcher <> - the option was added --mrte-type: Specify which managed runtimes to collect. Possible values: java - collect information for Java; dotnet - collect information for .NET; python - collect information for CPython. You can specify several values separated by comma.
72 [140564100056896] INFO perfrun.launcher <> - the option was added --mrte-type-list: List supported Java/.NET/other managed runtime types.
72 [140564100056896] INFO perfrun.launcher <> - the option was added --trace-strategy: Specify how to profile a process tree. <string> can be "<process>:trace:notrace" - profile the process but do not profile its children. Shorthand parameters: t - trace, nt - notrace. For example, "vtunedemo.exe:t:t".
72 [140564100056896] INFO perfrun.launcher <> - the option was added --collector: BADMSG: perfrun1.launcher.plugin_manager::collector
72 [140564100056896] INFO perfrun.launcher <> - the option was added --system-wide: Enable system-wide profiling. This mode may require additional permissions.
72 [140564100056896] INFO perfrun.launcher <> - the option was added --kvm-guest: Enable KVM guest OS profiling.
72 [140564100056896] INFO perfrun.launcher <> - the option was added --kvm-guest-kallsyms: Specify a local path to the /proc/kallsyms file copied from the guest OS for proper symbol resolution.
73 [140564100056896] INFO perfrun.launcher <> - the option was added --kvm-guest-modules: Specify a local path to the /proc/modules file copied from the guest OS for proper symbol resolution.
73 [140564100056896] INFO perfrun.launcher <> - the option was added --dump-vdso: Dump [vdso] to result directory
73 [140564100056896] INFO perfrun.launcher <> - the option was added --bandwidth-limits: Measure bandwidth limits
73 [140564100056896] INFO perfrun.launcher <> - the option was added --bandwidth-strategy: Bandwidth limits determination specific properties (example: --bandwidth-strategy array-size=0,duration=500).
73 [140564100056896] INFO perfrun.launcher <> - the option was added --bandwidth-config: List of benchmarks to run.
73 [140564100056896] INFO perfrun.launcher <> - the option was added --system-collector-config: Specify subcollectors. Possible values: all, vdso, container, device-info, none.
74 [140564100056896] INFO perfrun.launcher <> - the option was added --gpu-config: Specify types of GPU data to be collected. Possible values: preset1, preset2.
74 [140564100056896] INFO perfrun.launcher <> - the option was added --gpu-debug: Enable self-testing of the GPGPU profiling collector.
74 [140564100056896] INFO perfrun.launcher <> - the option was added --stackwalk: Specify stack unwinding method. Possible values: online - unwind stacks during collection; offline - unwind stacks after collection is finished.
74 [140564100056896] INFO perfrun.launcher <> - the option was added --filter-include: Filter data during collection. Possible values: contended=<on|off> - filter out uncontended events; contended_nostack=<time> - filter out stacks for contended events that take less than <time> microseconds; wait=<time> - ignore transitions and blocks with wait time less than <time> microseconds; wait_nostack=<time> - filter out stacks for waits that take less than <time> microseconds.
74 [140564100056896] INFO perfrun.launcher <> - the option was added --debug-pin: Debug PIN tool and runtime.
74 [140564100056896] INFO perfrun.launcher <> - the option was added --debug-exception: Disallow the application to set own abnormal termination handler.
75 [140564100056896] INFO perfrun.launcher <> - the option was added --trace-type: Specify the trace file granularity. Possible values: per-thread - per-thread trace file generation; per-process - per-process trace file generation.
75 [140564100056896] INFO perfrun.launcher <> - the option was added --instrumentation-type: Specify type of instrumentation.
75 [140564100056896] INFO perfrun.launcher <> - the option was added --altstack: Enable or disable usage of altstacks for profiling signal handlers.
75 [140564100056896] INFO perfrun.launcher <> - the option was added --profiling-signal: Alternate profiling signal.
75 [140564100056896] INFO perfrun.launcher <> - the option was added --memory-strategy: Specify a minimal memory object size to be traced and a hash table size for faster objects search; for example: --memory-strategy obj-size-min=1024,hash-table-size=4096.
76 [140564100056896] INFO perfrun.launcher <> - the option was added --gpu-profiling-config: Specify a type of deep GPU profiling applied for all kernels and a comma-separated list of GPU kernel names and invocations in the following format: profiling_type[#kernel_name[#start_idx#step#stop_idx]], where profiling_type is one of following: none, bblatency, memlatency; kernel_name is the name of GPU kernel; start_idx is the number of the first invocation; and stop_idx is the number of the last invocation to be profiled.
76 [140564100056896] INFO perfrun.launcher <> - the option was added --opencl-trace-mode: Specify OpenCL kernel tracing modes: 'default' to trace OpenCL kernels for Intel Graphics Driver only; 'epoch' for any non-Intel graphics, where OpenCL kernels will be traced and OpenCL profiling API timestamps will be interpreted as Unux Epoch time in nanoseconds; 'completion' to trace OpenCL kernels for any Graphics Driver and bind OpenCL profiling API timestamps to the timestamp of OpenCL completion callback.
76 [140564100056896] INFO perfrun.launcher <> - create msngr2::ICliToolContext
76 [140564100056896] INFO perfrun.launcher <> - create file finder object
78 [140563875788544] INFO perfrun.launcher <> - plugin [remoteplug] was disabled because it doesn't support the given collection type.
78 [140563875788544] INFO perfrun.system <> - dumping [vdso] pseudomodule
97 [140563875788544] INFO perfrun.launcher <> - plugin [] was disabled because it doesn't support the given collection type.
97 [140563875788544] INFO perfrun.launcher <> - plugin [] was disabled because it doesn't support the given collection type.
97 [140563875788544] INFO perfrun.launcher <> - plugin [gpu] was disabled because it doesn't support the given collection type.
97 [140563875788544] INFO perfrun.launcher <> - plugin [] was disabled because it doesn't support the given collection type.
97 [140563875788544] INFO perfrun.launcher <> - plugin [] was disabled because it doesn't support the given collection type.
97 [140563875788544] INFO perfrun.launcher <> - plugin [] was disabled because it doesn't support the given collection type.
97 [140563875788544] INFO perfrun.launcher <> - plugin [mrte] was disabled because it doesn't support the given collection type.
97 [140563875788544] INFO perfrun.launcher <> - plugin [] was disabled because it doesn't support the given collection type.
97 [140563875788544] INFO perfrun.launcher <> - plugin [] was disabled because it doesn't support the given collection type.
97 [140563875788544] INFO perfrun.launcher <> - plugin [] was disabled because it doesn't support the given collection type.
97 [140563875788544] INFO perfrun.launcher <> - plugin [] was disabled because it doesn't support the given collection type.
97 [140563875788544] INFO perfrun.launcher <> - plugin [] was disabled because it doesn't support the given collection type.
97 [140563875788544] INFO perfrun.launcher <> - plugin [] was disabled because it doesn't support the given collection type.
97 [140563875788544] INFO perfrun.launcher <> - plugin [tpss] was disabled because it doesn't support the given collection type.
97 [140563875788544] INFO perfrun.launcher <> - plugin [] was disabled because it doesn't support the given collection type.
98 [140563875788544] INFO perfrun.launcher <> - plugin [] was disabled because it doesn't support the given collection type.
98 [140563875788544] INFO perfrun.launcher <> - plugin [] was disabled because it doesn't support the given collection type.
98 [140563875788544] INFO perfrun.launcher <> - plugin [] was disabled because it doesn't support the given collection type.
98 [140563875788544] INFO perfrun.launcher <> - plugin [] was disabled because it doesn't support the given collection type.
98 [140563875788544] INFO perfrun.launcher <> - plugin [] was disabled because it doesn't support the given collection type.
98 [140563875788544] INFO perfrun.launcher <> - plugin [] was disabled because it doesn't support the given collection type.
98 [140564100056896] INFO perfrun.launcher <> - Application exit code: 0
98 [140564100056896] INFO perfrun.launcher <> - Exit code: 0
