16 [139682561607488] INFO perfrun.launcher <> - Launcher main begin
35 [139682561607488] INFO perfrun.launcher <> - MessageCatalogInit finished
35 [139682561607488] INFO perfrun.launcher <> - Launcher instance created
35 [139682561607488] INFO perfrun.launcher <> - argc = 7; cmdline = /opt/intel/inteloneapi/advisor/2021.1-beta01/bin64/advixe-runss --ui-output-format xml --ui-output-fd 7 --option-file /home/u30005/sushma/gamma-correction/advi_gamma_res/e000/hs000/config/runss.options 
74 [139682561607488] INFO perfrun.launcher <> - plugin remoteplug has been added successfully
74 [139682561607488] INFO perfrun.launcher <> - plugin system has been added successfully
74 [139682561607488] INFO perfrun.launcher <> - plugin  has been added successfully
74 [139682561607488] INFO perfrun.launcher <> - plugin  has been added successfully
74 [139682561607488] INFO perfrun.launcher <> - plugin gpu has been added successfully
74 [139682561607488] INFO perfrun.launcher <> - plugin  has been added successfully
74 [139682561607488] INFO perfrun.launcher <> - plugin  has been added successfully
74 [139682561607488] INFO perfrun.launcher <> - plugin  has been added successfully
74 [139682561607488] INFO perfrun.launcher <> - plugin mrte has been added successfully
74 [139682561607488] INFO perfrun.launcher <> - plugin  has been added successfully
74 [139682561607488] INFO perfrun.launcher <> - plugin  has been added successfully
74 [139682561607488] INFO perfrun.launcher <> - plugin  has been added successfully
76 [139682561607488] INFO perfrun.launcher <> - plugin  has been added successfully
76 [139682561607488] INFO perfrun.launcher <> - plugin  has been added successfully
76 [139682561607488] INFO perfrun.launcher <> - plugin  has been added successfully
76 [139682561607488] INFO perfrun.launcher <> - plugin tpss has been added successfully
76 [139682561607488] INFO perfrun.launcher <> - plugin  has been added successfully
76 [139682561607488] INFO perfrun.launcher <> - plugin  has been added successfully
76 [139682561607488] INFO perfrun.launcher <> - plugin  has been added successfully
76 [139682561607488] INFO perfrun.launcher <> - plugin  has been added successfully
76 [139682561607488] INFO perfrun.launcher <> - plugin  has been added successfully
76 [139682561607488] INFO perfrun.launcher <> - plugin  has been added successfully
76 [139682561607488] INFO perfrun.launcher <> - plugin  has been added successfully
77 [139682561607488] INFO perfrun.launcher <> - the option was added --interval: Specify an interval of data collection (for example, sampling) in milliseconds.
77 [139682561607488] INFO perfrun.launcher <> - the option was added --follow-child: Profile process with or without children.
77 [139682561607488] INFO perfrun.launcher <> - the option was added --gelding: BADMSG: perfrun1.launcher.plugin_manager::gelding
77 [139682561607488] INFO perfrun.launcher <> - the option was added --time-source: Specify time source for measurement. Possible values: sys - wall clock time; tsc - time stamp counter; ext - time from an external source; auto - auto select accurate time source.
78 [139682561607488] INFO perfrun.launcher <> - the option was added --stack: Enable or disable collection of stacks.
78 [139682561607488] INFO perfrun.launcher <> - the option was added --stack-stitching: Enable or disable the stack stitching algorithm for Intel TBB-based applications.
78 [139682561607488] INFO perfrun.launcher <> - the option was added --type: Specify type of data to be collected. For example, --type cpu:counters,waiting:nostack,io.
78 [139682561607488] INFO perfrun.launcher <> - the option was added --mrte-mode: Specify Java/.NET/other managed runtime collection mode. Possible values: native - collect information only for native code; managed - collect information only for managed code; mixed - collect information for both managed and native code; auto - choose the mode based on binary type.
78 [139682561607488] INFO perfrun.launcher <> - the option was added --mrte-mode-list: List supported Java/.NET/other managed runtime collection modes.
78 [139682561607488] INFO perfrun.launcher <> - the option was added --mrte-type: Specify which managed runtimes to collect. Possible values: java - collect information for Java; dotnet - collect information for .NET; python - collect information for CPython. You can specify several values separated by comma.
79 [139682561607488] INFO perfrun.launcher <> - the option was added --mrte-type-list: List supported Java/.NET/other managed runtime types.
79 [139682561607488] INFO perfrun.launcher <> - the option was added --trace-strategy: Specify how to profile a process tree. <string> can be "<process>:trace:notrace" - profile the process but do not profile its children. Shorthand parameters: t - trace, nt - notrace. For example, "vtunedemo.exe:t:t".
79 [139682561607488] INFO perfrun.launcher <> - the option was added --collector: BADMSG: perfrun1.launcher.plugin_manager::collector
79 [139682561607488] INFO perfrun.launcher <> - the option was added --system-wide: Enable system-wide profiling. This mode may require additional permissions.
79 [139682561607488] INFO perfrun.launcher <> - the option was added --kvm-guest: Enable KVM guest OS profiling.
79 [139682561607488] INFO perfrun.launcher <> - the option was added --kvm-guest-kallsyms: Specify a local path to the /proc/kallsyms file copied from the guest OS for proper symbol resolution.
80 [139682561607488] INFO perfrun.launcher <> - the option was added --kvm-guest-modules: Specify a local path to the /proc/modules file copied from the guest OS for proper symbol resolution.
80 [139682561607488] INFO perfrun.launcher <> - the option was added --dump-vdso: Dump [vdso] to result directory
80 [139682561607488] INFO perfrun.launcher <> - the option was added --bandwidth-limits: Measure bandwidth limits
80 [139682561607488] INFO perfrun.launcher <> - the option was added --bandwidth-strategy: Bandwidth limits determination specific properties (example: --bandwidth-strategy array-size=0,duration=500).
80 [139682561607488] INFO perfrun.launcher <> - the option was added --bandwidth-config: List of benchmarks to run.
81 [139682561607488] INFO perfrun.launcher <> - the option was added --system-collector-config: Specify subcollectors. Possible values: all, vdso, container, device-info, none.
81 [139682561607488] INFO perfrun.launcher <> - the option was added --gpu-config: Specify types of GPU data to be collected. Possible values: preset1, preset2.
81 [139682561607488] INFO perfrun.launcher <> - the option was added --gpu-debug: Enable self-testing of the GPGPU profiling collector.
81 [139682561607488] INFO perfrun.launcher <> - the option was added --stackwalk: Specify stack unwinding method. Possible values: online - unwind stacks during collection; offline - unwind stacks after collection is finished.
81 [139682561607488] INFO perfrun.launcher <> - the option was added --filter-include: Filter data during collection. Possible values: contended=<on|off> - filter out uncontended events; contended_nostack=<time> - filter out stacks for contended events that take less than <time> microseconds; wait=<time> - ignore transitions and blocks with wait time less than <time> microseconds; wait_nostack=<time> - filter out stacks for waits that take less than <time> microseconds.
81 [139682561607488] INFO perfrun.launcher <> - the option was added --debug-pin: Debug PIN tool and runtime.
82 [139682561607488] INFO perfrun.launcher <> - the option was added --debug-exception: Disallow the application to set own abnormal termination handler.
82 [139682561607488] INFO perfrun.launcher <> - the option was added --trace-type: Specify the trace file granularity. Possible values: per-thread - per-thread trace file generation; per-process - per-process trace file generation.
82 [139682561607488] INFO perfrun.launcher <> - the option was added --instrumentation-type: Specify type of instrumentation.
82 [139682561607488] INFO perfrun.launcher <> - the option was added --altstack: Enable or disable usage of altstacks for profiling signal handlers.
82 [139682561607488] INFO perfrun.launcher <> - the option was added --profiling-signal: Alternate profiling signal.
82 [139682561607488] INFO perfrun.launcher <> - the option was added --memory-strategy: Specify a minimal memory object size to be traced and a hash table size for faster objects search; for example: --memory-strategy obj-size-min=1024,hash-table-size=4096.
83 [139682561607488] INFO perfrun.launcher <> - the option was added --gpu-profiling-config: Specify a type of deep GPU profiling applied for all kernels and a comma-separated list of GPU kernel names and invocations in the following format: profiling_type[#kernel_name[#start_idx#step#stop_idx]], where profiling_type is one of following: none, bblatency, memlatency; kernel_name is the name of GPU kernel; start_idx is the number of the first invocation; and stop_idx is the number of the last invocation to be profiled.
83 [139682561607488] INFO perfrun.launcher <> - the option was added --opencl-trace-mode: Specify OpenCL kernel tracing modes: 'default' to trace OpenCL kernels for Intel Graphics Driver only; 'epoch' for any non-Intel graphics, where OpenCL kernels will be traced and OpenCL profiling API timestamps will be interpreted as Unux Epoch time in nanoseconds; 'completion' to trace OpenCL kernels for any Graphics Driver and bind OpenCL profiling API timestamps to the timestamp of OpenCL completion callback.
84 [139682561607488] INFO perfrun.launcher <> - create msngr2::ICliToolContext
85 [139682561607488] INFO perfrun.launcher <> - create file finder object
85 [139682561607488] INFO perfrun.launcher <> - create a result directory: pattern = /home/u30005/sushma/gamma-correction/advi_gamma_res/e000/hs000 pid = 4294967295
97 [139682561607488] INFO perfrun.sdk <> - checked that the directory /home/u30005/sushma/gamma-correction/advi_gamma_res/e000/hs000 is a local directory
98 [139682561607488] INFO perfrun.sdk <> - the directory /home/u30005/sushma/gamma-correction/advi_gamma_res/e000/hs000 is located on a share or its FS ID is unknown 26985
98 [139682561607488] INFO perfrun.sdk <> - checked that the directory /home/u30005/tmp/advixe-tmp-u30005 is a local directory
98 [139682561607488] INFO perfrun.sdk <> - the directory /home/u30005/tmp/advixe-tmp-u30005 is located on a share or its FS ID is unknown 26985
101 [139682561607488] INFO perfrun.launcher <> - create data directory = /home/u30005/sushma/gamma-correction/advi_gamma_res/e000/hs000/data.0
106 [139682561607488] INFO perfrun.launcher <> - Creating the master collection flag
119 [139682561607488] INFO perfrun.launcher <> - Done creating the master collection flag
123 [139682337339136] INFO perfrun.launcher <> - plugin [remoteplug] was disabled because it doesn't support the given collection type.
123 [139682337339136] INFO perfrun.sdk <> - Allocating TMU :/home/u30005/sushma/gamma-correction/advi_gamma_res/e000/hs000/data.0/systemcollector-9902-s001-n182.sc
123 [139682337339136] INFO perfrun.launcher <> - plugin [] was disabled because it doesn't support the given collection type.
123 [139682337339136] INFO perfrun.launcher <> - plugin [] was disabled because it doesn't support the given collection type.
124 [139682337339136] INFO perfrun.launcher <> - plugin [gpu] was disabled because it doesn't support the given collection type.
124 [139682337339136] INFO perfrun.launcher <> - plugin [] was disabled because it doesn't support the given collection type.
124 [139682337339136] INFO perfrun.launcher <> - plugin [] was disabled because it doesn't support the given collection type.
124 [139682337339136] INFO perfrun.launcher <> - plugin [] was disabled because it doesn't support the given collection type.
124 [139682337339136] INFO perfrun.launcher <> - plugin [mrte] was disabled because it doesn't support the given collection type.
124 [139682337339136] INFO perfrun.launcher <> - plugin [] was disabled because it doesn't support the given collection type.
124 [139682337339136] INFO perfrun.launcher <> - plugin [] was disabled because it doesn't support the given collection type.
124 [139682337339136] INFO perfrun.launcher <> - plugin [] was disabled because it doesn't support the given collection type.
124 [139682337339136] INFO perfrun.launcher <> - plugin [] was disabled because it doesn't support the given collection type.
124 [139682337339136] INFO perfrun.launcher <> - plugin [] was disabled because it doesn't support the given collection type.
124 [139682337339136] INFO perfrun.launcher <> - plugin [] was disabled because it doesn't support the given collection type.
124 [139682337339136] INFO perfrun.tpss <> - initialize tpss controller
124 [139682337339136] INFO perfrun.tpss <> - configure collection mode: value = cpu:stack
124 [139682337339136] INFO perfrun.tpss <> - default obj-size-min=1024
124 [139682337339136] INFO perfrun.tpss <> - default hash-table-size=0
128 [139682337339136] INFO perfrun.launcher <> - plugin [] was disabled because it doesn't support the given collection type.
128 [139682337339136] INFO perfrun.launcher <> - plugin [] was disabled because it doesn't support the given collection type.
128 [139682337339136] INFO perfrun.launcher <> - plugin [] was disabled because it doesn't support the given collection type.
128 [139682337339136] INFO perfrun.launcher <> - plugin [] was disabled because it doesn't support the given collection type.
128 [139682337339136] INFO perfrun.launcher <> - plugin [] was disabled because it doesn't support the given collection type.
128 [139682337339136] INFO perfrun.launcher <> - plugin [] was disabled because it doesn't support the given collection type.
128 [139682337339136] INFO perfrun.launcher <> - plugin [] was disabled because it doesn't support the given collection type.
129 [139682561607488] INFO perfrun.launcher <> - RpcServer: run RPC server to handle requests
133 [139682561607488] INFO perfrun.launcher <> - Launcher: command line to start before modification = /home/u30005/sushma/gamma-correction/src/gamma_correction
140 [139682561607488] INFO perfrun.launcher <> - Launcher: command line to start after modification = /opt/intel/inteloneapi/advisor/2021.1-beta01/bin64/pin -error_file /home/u30005/sushma/gamma-correction/advi_gamma_res/e000/hs000/data.0/pinerr.tpsslog -detach_reattach -follow_execv -tool_load_option deepbind -t64 /opt/intel/inteloneapi/advisor/2021.1-beta01/lib64/libtpsstool.so -t /opt/intel/inteloneapi/advisor/2021.1-beta01/lib32/libtpsstool.so -server_name tpss_ipc.9902 -prd_dir /opt/intel/inteloneapi/advisor/2021.1-beta01 -- /home/u30005/sushma/gamma-correction/src/gamma_correction
141 [139682561607488] INFO perfrun.launcher <> - ProcessCreator object was created
142 [139682561607488] INFO perfrun.launcher <> - Launcher: the process was started in suspend mode
149 [139682337339136] INFO perfrun.system <> - Helper runtool '/opt/intel/inteloneapi/advisor/2021.1-beta01/bin32/advixe-runss -dump-vdso -r /home/u30005/sushma/gamma-correction/advi_gamma_res/e000/hs000 --tmp-dir /home/u30005/tmp/advixe-tmp-u30005' returned 1
300 [139682337339136] INFO perfrun.system <> - Helper runtool '/opt/intel/inteloneapi/advisor/2021.1-beta01/bin64/advixe-runss -dump-vdso -r /home/u30005/sushma/gamma-correction/advi_gamma_res/e000/hs000 --tmp-dir /home/u30005/tmp/advixe-tmp-u30005' returned 0
305 [139682337339136] INFO perfrun.system <> - OpenCL gpu adapter vendor Id 6659
305 [139682337339136] INFO perfrun.system <> - OpenCL gpu adapter vendor Id 32902
309 [139682337339136] WARN perfrun.system <> - Could not do anything with /sys/kernel/debug/kvm: boost::filesystem::status: Permission denied: "/sys/kernel/debug/kvm", at file: vcs/perfrun1/plugins/system/src/trace_writer.cpp:755
310 [139682337339136] WARN perfrun.system <> - Folder "/var/run/libvirt/qemu/"doesn't exist, at file: vcs/perfrun1/plugins/system/src/trace_writer.cpp:768
313 [139682337339136] WARN perfrun.sdk <> - Failed to find xl binary on any of the system paths: /bin, /sbin, /usr/bin, /usr/sbin., at file: vcs/perfrun1/sdk/src/utils.cpp:434
315 [139682337339136] WARN perfrun.system <> - Only 22 usec accuracy achieved for reference point, at file: vcs/perfrun1/plugins/system/src/trace_writer.cpp:376
321 [139682337339136] INFO perfrun.tpss <> - start tpss controller for pid #9907
374 [139682561607488] INFO perfrun.launcher <> - Launcher: all plugins were started
375 [139682561607488] INFO perfrun.launcher <> - DirectoryMonitor object was created
375 [139682561607488] INFO perfrun.launcher <> - DirectoryMonitor: a callback was added
375 [139682561607488] INFO perfrun.launcher <> - DirectoryMonitor was started with pingTime = 1000
375 [139682561607488] INFO perfrun.launcher <> - DeadlineTimer is going to be constructed
375 [139682561607488] INFO perfrun.launcher <> - DeadlineTimer: a callback was added
393 [139682561607488] INFO perfrun.launcher <> - Launcher: resume the profiled application and  wait its termination or stop command
8793 [139682561607488] INFO perfrun.launcher <> - Launcher: the profiled application was terminated  with exit code = 0
8806 [139682337339136] WARN perfrun.system <> - Only 22 usec accuracy achieved for reference point, at file: vcs/perfrun1/plugins/system/src/trace_writer.cpp:376
8842 [139682337339136] INFO perfrun.tpss <> - stop tpss controller
8853 [139682337339136] INFO perfrun.sdk <> - De-allocating TMU: /home/u30005/sushma/gamma-correction/advi_gamma_res/e000/hs000/data.0/systemcollector-9902-s001-n182.sc
8853 [139682337339136] INFO perfrun.system <> - closed the system trace file: /home/u30005/sushma/gamma-correction/advi_gamma_res/e000/hs000/data.0/systemcollector-9902-s001-n182.sc
8853 [139682561607488] INFO perfrun.launcher <> - Launcher: all plugins were stopped.
8853 [139682561607488] INFO perfrun.launcher <> - DeadlineTimer is going to be destroyed
8854 [139682561607488] INFO perfrun.launcher <> - DeadlineTimer was destroyed
8854 [139682561607488] INFO perfrun.launcher <> - DirectoryMonitor object was destroyed
8854 [139682561607488] WARN perfrun.launcher <> - Stop command is ignored because it is received when collection is already stopped, at file: vcs/perfrun1/launcher/src/command_handler.cpp:212
8866 [139682561607488] INFO perfrun.launcher <> - Application exit code: 0
8866 [139682561607488] INFO perfrun.launcher <> - Exit code: 0
