The system is: Linux - 4.15.18 - x86_64
Compiling the CXX compiler identification source file "CMakeCXXCompilerId.cpp" succeeded.
Compiler: /opt/intel/inteloneapi/compiler/latest/linux/bin/dpcpp 
Build flags: 
Id flags:  

The output was:
0


Compilation of the CXX compiler identification source "CMakeCXXCompilerId.cpp" produced "a.out"

The CXX compiler identification is Clang, found in "/home/u30005/sushma/gamma-correction/build/CMakeFiles/3.10.2/CompilerIdCXX/a.out"

Determining if the CXX compiler works passed with the following output:
Change Dir: /home/u30005/sushma/gamma-correction/build/CMakeFiles/CMakeTmp

Run Build Command:"/usr/bin/make" "cmTC_7bbc6/fast"
/usr/bin/make -f CMakeFiles/cmTC_7bbc6.dir/build.make CMakeFiles/cmTC_7bbc6.dir/build
make[1]: Entering directory '/home/u30005/sushma/gamma-correction/build/CMakeFiles/CMakeTmp'
Building CXX object CMakeFiles/cmTC_7bbc6.dir/testCXXCompiler.cxx.o
/opt/intel/inteloneapi/compiler/latest/linux/bin/dpcpp     -o CMakeFiles/cmTC_7bbc6.dir/testCXXCompiler.cxx.o -c /home/u30005/sushma/gamma-correction/build/CMakeFiles/CMakeTmp/testCXXCompiler.cxx
Linking CXX executable cmTC_7bbc6
/usr/bin/cmake -E cmake_link_script CMakeFiles/cmTC_7bbc6.dir/link.txt --verbose=1
/opt/intel/inteloneapi/compiler/latest/linux/bin/dpcpp       -rdynamic CMakeFiles/cmTC_7bbc6.dir/testCXXCompiler.cxx.o  -o cmTC_7bbc6 
make[1]: Leaving directory '/home/u30005/sushma/gamma-correction/build/CMakeFiles/CMakeTmp'


Detecting CXX compiler ABI info compiled with the following output:
Change Dir: /home/u30005/sushma/gamma-correction/build/CMakeFiles/CMakeTmp

Run Build Command:"/usr/bin/make" "cmTC_3f3c4/fast"
/usr/bin/make -f CMakeFiles/cmTC_3f3c4.dir/build.make CMakeFiles/cmTC_3f3c4.dir/build
make[1]: Entering directory '/home/u30005/sushma/gamma-correction/build/CMakeFiles/CMakeTmp'
Building CXX object CMakeFiles/cmTC_3f3c4.dir/CMakeCXXCompilerABI.cpp.o
/opt/intel/inteloneapi/compiler/latest/linux/bin/dpcpp     -o CMakeFiles/cmTC_3f3c4.dir/CMakeCXXCompilerABI.cpp.o -c /usr/share/cmake-3.10/Modules/CMakeCXXCompilerABI.cpp
Linking CXX executable cmTC_3f3c4
/usr/bin/cmake -E cmake_link_script CMakeFiles/cmTC_3f3c4.dir/link.txt --verbose=1
/opt/intel/inteloneapi/compiler/latest/linux/bin/dpcpp      -v -rdynamic CMakeFiles/cmTC_3f3c4.dir/CMakeCXXCompilerABI.cpp.o  -o cmTC_3f3c4 
DPC++ Compiler 2021.1 (2019.8.x.0.0926)
Target: x86_64-unknown-linux-gnu
Thread model: posix
InstalledDir: /opt/intel/inteloneapi/compiler/latest/linux/bin
Found candidate GCC installation: /usr/lib/gcc/x86_64-linux-gnu/7
Found candidate GCC installation: /usr/lib/gcc/x86_64-linux-gnu/7.4.0
Found candidate GCC installation: /usr/lib/gcc/x86_64-linux-gnu/8
Selected GCC installation: /usr/lib/gcc/x86_64-linux-gnu/7.4.0
Candidate multilib: .;@m64
Selected multilib: .;@m64
 "/opt/intel/inteloneapi/compiler/2021.1-beta01/linux/bin/clang-offload-bundler" -type=o -targets=host-x86_64-unknown-linux-gnu,sycl-spir64-unknown-linux-sycldevice -inputs=CMakeFiles/cmTC_3f3c4.dir/CMakeCXXCompilerABI.cpp.o -outputs=/home/u30005/tmp/CMakeCXXCompilerABI-ae1a2f.o,/home/u30005/tmp/CMakeCXXCompilerABI-b7535f.o -unbundle
 "/opt/intel/inteloneapi/compiler/2021.1-beta01/linux/bin/llvm-link" /home/u30005/tmp/CMakeCXXCompilerABI-b7535f.o -o /home/u30005/tmp/spir64-linked-1d9b69.bc --suppress-warnings
 "/opt/intel/inteloneapi/compiler/2021.1-beta01/linux/bin/llvm-spirv" -spirv-max-version=1.1 -spirv-ext=+all -o /home/u30005/tmp/CMakeCXXCompilerABI-ae20b5.spv /home/u30005/tmp/spir64-linked-1d9b69.bc
 "/opt/intel/inteloneapi/compiler/2021.1-beta01/linux/bin/clang-offload-wrapper" -o=/home/u30005/tmp/wrapper-1393dc.bc -host=x86_64-unknown-linux-gnu -kind=sycl /home/u30005/tmp/CMakeCXXCompilerABI-ae20b5.spv
 "/opt/intel/inteloneapi/compiler/2021.1-beta01/linux/bin/llc" -filetype=obj -o /home/u30005/tmp/CMakeCXXCompilerABI-d32d9b.o /home/u30005/tmp/wrapper-1393dc.bc
 "/usr/bin/ld" -export-dynamic -z relro --hash-style=gnu --eh-frame-hdr -m elf_x86_64 -export-dynamic -dynamic-linker /lib64/ld-linux-x86-64.so.2 -o cmTC_3f3c4 /usr/lib/gcc/x86_64-linux-gnu/7.4.0/../../../x86_64-linux-gnu/crt1.o /usr/lib/gcc/x86_64-linux-gnu/7.4.0/../../../x86_64-linux-gnu/crti.o /usr/lib/gcc/x86_64-linux-gnu/7.4.0/crtbegin.o -L/usr/lib/gcc/x86_64-linux-gnu/7.4.0 -L/usr/lib/gcc/x86_64-linux-gnu/7.4.0/../../../x86_64-linux-gnu -L/lib/x86_64-linux-gnu -L/lib/../lib64 -L/usr/lib/x86_64-linux-gnu -L/usr/lib/gcc/x86_64-linux-gnu/7.4.0/../../.. -L/opt/intel/inteloneapi/compiler/2021.1-beta01/linux/bin/../lib -L/lib -L/usr/lib -L/opt/intel/inteloneapi/vpl/latest/lib -L/opt/intel/inteloneapi/tbb/2021.1-beta01/env/../lib/intel64/gcc4.8 -L/opt/intel/inteloneapi/mpi/2021.1-beta01//libfabric/lib -L/opt/intel/inteloneapi/mpi/2021.1-beta01//lib/release -L/opt/intel/inteloneapi/mpi/2021.1-beta01//lib -L/opt/intel/inteloneapi/mkl/2021.1-beta01/lib/intel64 -L/opt/intel/inteloneapi/ipp/latest/lib/intel64 -L/opt/intel/inteloneapi/ipp/latest/../../compiler/latest/linux/compiler/lib/intel64 -L/opt/intel/inteloneapi/dnnl/2021.1-beta01/cpu_dpcpp_gpu_dpcpp/lib -L/opt/intel/inteloneapi/daal/latest/lib/intel64 -L/opt/intel/inteloneapi/compiler/latest/linux/lib -L/opt/intel/inteloneapi/clck/2021.1-beta01/lib/intel64 -L/glob/development-tools/versions/intel-parallel-studio/compilers_and_libraries_2019.3.199/linux/mpi/intel64/libfabric/lib -L/glob/development-tools/versions/intel-parallel-studio/compilers_and_libraries_2019.3.199/linux/ipp/lib/intel64 -L/glob/development-tools/versions/intel-parallel-studio/compilers_and_libraries_2019.3.199/linux/compiler/lib/intel64_lin -L/glob/development-tools/versions/intel-parallel-studio/compilers_and_libraries_2019.3.199/linux/mkl/lib/intel64_lin -L/glob/development-tools/versions/intel-parallel-studio/compilers_and_libraries_2019.3.199/linux/tbb/lib/intel64/gcc4.7 -L/glob/development-tools/versions/intel-parallel-studio/compilers_and_libraries_2019.3.199/linux/tbb/lib/intel64/gcc4.7 -L/glob/development-tools/versions/intel-parallel-studio/compilers_and_libraries_2019.3.199/linux/daal/lib/intel64_lin -L/glob/development-tools/versions/intel-parallel-studio/compilers_and_libraries_2019.3.199/linux/daal/../tbb/lib/intel64_lin/gcc4.4 /home/u30005/tmp/CMakeCXXCompilerABI-ae1a2f.o /home/u30005/tmp/CMakeCXXCompilerABI-d32d9b.o -lstdc++ -lm -lgcc_s -lgcc -lsycl -lc -lgcc_s -lgcc /usr/lib/gcc/x86_64-linux-gnu/7.4.0/crtend.o /usr/lib/gcc/x86_64-linux-gnu/7.4.0/../../../x86_64-linux-gnu/crtn.o
make[1]: Leaving directory '/home/u30005/sushma/gamma-correction/build/CMakeFiles/CMakeTmp'


Parsed CXX implicit link information from above output:
  link line regex: [^( *|.*[/\])(ld|CMAKE_LINK_STARTFILE-NOTFOUND|([^/\]+-)?ld|collect2)[^/\]*( |$)]
  ignore line: [Change Dir: /home/u30005/sushma/gamma-correction/build/CMakeFiles/CMakeTmp]
  ignore line: []
  ignore line: [Run Build Command:"/usr/bin/make" "cmTC_3f3c4/fast"]
  ignore line: [/usr/bin/make -f CMakeFiles/cmTC_3f3c4.dir/build.make CMakeFiles/cmTC_3f3c4.dir/build]
  ignore line: [make[1]: Entering directory '/home/u30005/sushma/gamma-correction/build/CMakeFiles/CMakeTmp']
  ignore line: [Building CXX object CMakeFiles/cmTC_3f3c4.dir/CMakeCXXCompilerABI.cpp.o]
  ignore line: [/opt/intel/inteloneapi/compiler/latest/linux/bin/dpcpp     -o CMakeFiles/cmTC_3f3c4.dir/CMakeCXXCompilerABI.cpp.o -c /usr/share/cmake-3.10/Modules/CMakeCXXCompilerABI.cpp]
  ignore line: [Linking CXX executable cmTC_3f3c4]
  ignore line: [/usr/bin/cmake -E cmake_link_script CMakeFiles/cmTC_3f3c4.dir/link.txt --verbose=1]
  ignore line: [/opt/intel/inteloneapi/compiler/latest/linux/bin/dpcpp      -v -rdynamic CMakeFiles/cmTC_3f3c4.dir/CMakeCXXCompilerABI.cpp.o  -o cmTC_3f3c4 ]
  ignore line: [DPC++ Compiler 2021.1 (2019.8.x.0.0926)]
  ignore line: [Target: x86_64-unknown-linux-gnu]
  ignore line: [Thread model: posix]
  ignore line: [InstalledDir: /opt/intel/inteloneapi/compiler/latest/linux/bin]
  ignore line: [Found candidate GCC installation: /usr/lib/gcc/x86_64-linux-gnu/7]
  ignore line: [Found candidate GCC installation: /usr/lib/gcc/x86_64-linux-gnu/7.4.0]
  ignore line: [Found candidate GCC installation: /usr/lib/gcc/x86_64-linux-gnu/8]
  ignore line: [Selected GCC installation: /usr/lib/gcc/x86_64-linux-gnu/7.4.0]
  ignore line: [Candidate multilib: .]
  ignore line: [@m64]
  ignore line: [Selected multilib: .]
  ignore line: [@m64]
  ignore line: [ "/opt/intel/inteloneapi/compiler/2021.1-beta01/linux/bin/clang-offload-bundler" -type=o -targets=host-x86_64-unknown-linux-gnu,sycl-spir64-unknown-linux-sycldevice -inputs=CMakeFiles/cmTC_3f3c4.dir/CMakeCXXCompilerABI.cpp.o -outputs=/home/u30005/tmp/CMakeCXXCompilerABI-ae1a2f.o,/home/u30005/tmp/CMakeCXXCompilerABI-b7535f.o -unbundle]
  ignore line: [ "/opt/intel/inteloneapi/compiler/2021.1-beta01/linux/bin/llvm-link" /home/u30005/tmp/CMakeCXXCompilerABI-b7535f.o -o /home/u30005/tmp/spir64-linked-1d9b69.bc --suppress-warnings]
  ignore line: [ "/opt/intel/inteloneapi/compiler/2021.1-beta01/linux/bin/llvm-spirv" -spirv-max-version=1.1 -spirv-ext=+all -o /home/u30005/tmp/CMakeCXXCompilerABI-ae20b5.spv /home/u30005/tmp/spir64-linked-1d9b69.bc]
  ignore line: [ "/opt/intel/inteloneapi/compiler/2021.1-beta01/linux/bin/clang-offload-wrapper" -o=/home/u30005/tmp/wrapper-1393dc.bc -host=x86_64-unknown-linux-gnu -kind=sycl /home/u30005/tmp/CMakeCXXCompilerABI-ae20b5.spv]
  ignore line: [ "/opt/intel/inteloneapi/compiler/2021.1-beta01/linux/bin/llc" -filetype=obj -o /home/u30005/tmp/CMakeCXXCompilerABI-d32d9b.o /home/u30005/tmp/wrapper-1393dc.bc]
  link line: [ "/usr/bin/ld" -export-dynamic -z relro --hash-style=gnu --eh-frame-hdr -m elf_x86_64 -export-dynamic -dynamic-linker /lib64/ld-linux-x86-64.so.2 -o cmTC_3f3c4 /usr/lib/gcc/x86_64-linux-gnu/7.4.0/../../../x86_64-linux-gnu/crt1.o /usr/lib/gcc/x86_64-linux-gnu/7.4.0/../../../x86_64-linux-gnu/crti.o /usr/lib/gcc/x86_64-linux-gnu/7.4.0/crtbegin.o -L/usr/lib/gcc/x86_64-linux-gnu/7.4.0 -L/usr/lib/gcc/x86_64-linux-gnu/7.4.0/../../../x86_64-linux-gnu -L/lib/x86_64-linux-gnu -L/lib/../lib64 -L/usr/lib/x86_64-linux-gnu -L/usr/lib/gcc/x86_64-linux-gnu/7.4.0/../../.. -L/opt/intel/inteloneapi/compiler/2021.1-beta01/linux/bin/../lib -L/lib -L/usr/lib -L/opt/intel/inteloneapi/vpl/latest/lib -L/opt/intel/inteloneapi/tbb/2021.1-beta01/env/../lib/intel64/gcc4.8 -L/opt/intel/inteloneapi/mpi/2021.1-beta01//libfabric/lib -L/opt/intel/inteloneapi/mpi/2021.1-beta01//lib/release -L/opt/intel/inteloneapi/mpi/2021.1-beta01//lib -L/opt/intel/inteloneapi/mkl/2021.1-beta01/lib/intel64 -L/opt/intel/inteloneapi/ipp/latest/lib/intel64 -L/opt/intel/inteloneapi/ipp/latest/../../compiler/latest/linux/compiler/lib/intel64 -L/opt/intel/inteloneapi/dnnl/2021.1-beta01/cpu_dpcpp_gpu_dpcpp/lib -L/opt/intel/inteloneapi/daal/latest/lib/intel64 -L/opt/intel/inteloneapi/compiler/latest/linux/lib -L/opt/intel/inteloneapi/clck/2021.1-beta01/lib/intel64 -L/glob/development-tools/versions/intel-parallel-studio/compilers_and_libraries_2019.3.199/linux/mpi/intel64/libfabric/lib -L/glob/development-tools/versions/intel-parallel-studio/compilers_and_libraries_2019.3.199/linux/ipp/lib/intel64 -L/glob/development-tools/versions/intel-parallel-studio/compilers_and_libraries_2019.3.199/linux/compiler/lib/intel64_lin -L/glob/development-tools/versions/intel-parallel-studio/compilers_and_libraries_2019.3.199/linux/mkl/lib/intel64_lin -L/glob/development-tools/versions/intel-parallel-studio/compilers_and_libraries_2019.3.199/linux/tbb/lib/intel64/gcc4.7 -L/glob/development-tools/versions/intel-parallel-studio/compilers_and_libraries_2019.3.199/linux/tbb/lib/intel64/gcc4.7 -L/glob/development-tools/versions/intel-parallel-studio/compilers_and_libraries_2019.3.199/linux/daal/lib/intel64_lin -L/glob/development-tools/versions/intel-parallel-studio/compilers_and_libraries_2019.3.199/linux/daal/../tbb/lib/intel64_lin/gcc4.4 /home/u30005/tmp/CMakeCXXCompilerABI-ae1a2f.o /home/u30005/tmp/CMakeCXXCompilerABI-d32d9b.o -lstdc++ -lm -lgcc_s -lgcc -lsycl -lc -lgcc_s -lgcc /usr/lib/gcc/x86_64-linux-gnu/7.4.0/crtend.o /usr/lib/gcc/x86_64-linux-gnu/7.4.0/../../../x86_64-linux-gnu/crtn.o]
    arg [/usr/bin/ld] ==> ignore
    arg [-export-dynamic] ==> ignore
    arg [-zrelro] ==> ignore
    arg [--hash-style=gnu] ==> ignore
    arg [--eh-frame-hdr] ==> ignore
    arg [-m] ==> ignore
    arg [elf_x86_64] ==> ignore
    arg [-export-dynamic] ==> ignore
    arg [-dynamic-linker] ==> ignore
    arg [/lib64/ld-linux-x86-64.so.2] ==> ignore
    arg [-o] ==> ignore
    arg [cmTC_3f3c4] ==> ignore
    arg [/usr/lib/gcc/x86_64-linux-gnu/7.4.0/../../../x86_64-linux-gnu/crt1.o] ==> ignore
    arg [/usr/lib/gcc/x86_64-linux-gnu/7.4.0/../../../x86_64-linux-gnu/crti.o] ==> ignore
    arg [/usr/lib/gcc/x86_64-linux-gnu/7.4.0/crtbegin.o] ==> ignore
    arg [-L/usr/lib/gcc/x86_64-linux-gnu/7.4.0] ==> dir [/usr/lib/gcc/x86_64-linux-gnu/7.4.0]
    arg [-L/usr/lib/gcc/x86_64-linux-gnu/7.4.0/../../../x86_64-linux-gnu] ==> dir [/usr/lib/gcc/x86_64-linux-gnu/7.4.0/../../../x86_64-linux-gnu]
    arg [-L/lib/x86_64-linux-gnu] ==> dir [/lib/x86_64-linux-gnu]
    arg [-L/lib/../lib64] ==> dir [/lib/../lib64]
    arg [-L/usr/lib/x86_64-linux-gnu] ==> dir [/usr/lib/x86_64-linux-gnu]
    arg [-L/usr/lib/gcc/x86_64-linux-gnu/7.4.0/../../..] ==> dir [/usr/lib/gcc/x86_64-linux-gnu/7.4.0/../../..]
    arg [-L/opt/intel/inteloneapi/compiler/2021.1-beta01/linux/bin/../lib] ==> dir [/opt/intel/inteloneapi/compiler/2021.1-beta01/linux/bin/../lib]
    arg [-L/lib] ==> dir [/lib]
    arg [-L/usr/lib] ==> dir [/usr/lib]
    arg [-L/opt/intel/inteloneapi/vpl/latest/lib] ==> dir [/opt/intel/inteloneapi/vpl/latest/lib]
    arg [-L/opt/intel/inteloneapi/tbb/2021.1-beta01/env/../lib/intel64/gcc4.8] ==> dir [/opt/intel/inteloneapi/tbb/2021.1-beta01/env/../lib/intel64/gcc4.8]
    arg [-L/opt/intel/inteloneapi/mpi/2021.1-beta01//libfabric/lib] ==> dir [/opt/intel/inteloneapi/mpi/2021.1-beta01//libfabric/lib]
    arg [-L/opt/intel/inteloneapi/mpi/2021.1-beta01//lib/release] ==> dir [/opt/intel/inteloneapi/mpi/2021.1-beta01//lib/release]
    arg [-L/opt/intel/inteloneapi/mpi/2021.1-beta01//lib] ==> dir [/opt/intel/inteloneapi/mpi/2021.1-beta01//lib]
    arg [-L/opt/intel/inteloneapi/mkl/2021.1-beta01/lib/intel64] ==> dir [/opt/intel/inteloneapi/mkl/2021.1-beta01/lib/intel64]
    arg [-L/opt/intel/inteloneapi/ipp/latest/lib/intel64] ==> dir [/opt/intel/inteloneapi/ipp/latest/lib/intel64]
    arg [-L/opt/intel/inteloneapi/ipp/latest/../../compiler/latest/linux/compiler/lib/intel64] ==> dir [/opt/intel/inteloneapi/ipp/latest/../../compiler/latest/linux/compiler/lib/intel64]
    arg [-L/opt/intel/inteloneapi/dnnl/2021.1-beta01/cpu_dpcpp_gpu_dpcpp/lib] ==> dir [/opt/intel/inteloneapi/dnnl/2021.1-beta01/cpu_dpcpp_gpu_dpcpp/lib]
    arg [-L/opt/intel/inteloneapi/daal/latest/lib/intel64] ==> dir [/opt/intel/inteloneapi/daal/latest/lib/intel64]
    arg [-L/opt/intel/inteloneapi/compiler/latest/linux/lib] ==> dir [/opt/intel/inteloneapi/compiler/latest/linux/lib]
    arg [-L/opt/intel/inteloneapi/clck/2021.1-beta01/lib/intel64] ==> dir [/opt/intel/inteloneapi/clck/2021.1-beta01/lib/intel64]
    arg [-L/glob/development-tools/versions/intel-parallel-studio/compilers_and_libraries_2019.3.199/linux/mpi/intel64/libfabric/lib] ==> dir [/glob/development-tools/versions/intel-parallel-studio/compilers_and_libraries_2019.3.199/linux/mpi/intel64/libfabric/lib]
    arg [-L/glob/development-tools/versions/intel-parallel-studio/compilers_and_libraries_2019.3.199/linux/ipp/lib/intel64] ==> dir [/glob/development-tools/versions/intel-parallel-studio/compilers_and_libraries_2019.3.199/linux/ipp/lib/intel64]
    arg [-L/glob/development-tools/versions/intel-parallel-studio/compilers_and_libraries_2019.3.199/linux/compiler/lib/intel64_lin] ==> dir [/glob/development-tools/versions/intel-parallel-studio/compilers_and_libraries_2019.3.199/linux/compiler/lib/intel64_lin]
    arg [-L/glob/development-tools/versions/intel-parallel-studio/compilers_and_libraries_2019.3.199/linux/mkl/lib/intel64_lin] ==> dir [/glob/development-tools/versions/intel-parallel-studio/compilers_and_libraries_2019.3.199/linux/mkl/lib/intel64_lin]
    arg [-L/glob/development-tools/versions/intel-parallel-studio/compilers_and_libraries_2019.3.199/linux/tbb/lib/intel64/gcc4.7] ==> dir [/glob/development-tools/versions/intel-parallel-studio/compilers_and_libraries_2019.3.199/linux/tbb/lib/intel64/gcc4.7]
    arg [-L/glob/development-tools/versions/intel-parallel-studio/compilers_and_libraries_2019.3.199/linux/tbb/lib/intel64/gcc4.7] ==> dir [/glob/development-tools/versions/intel-parallel-studio/compilers_and_libraries_2019.3.199/linux/tbb/lib/intel64/gcc4.7]
    arg [-L/glob/development-tools/versions/intel-parallel-studio/compilers_and_libraries_2019.3.199/linux/daal/lib/intel64_lin] ==> dir [/glob/development-tools/versions/intel-parallel-studio/compilers_and_libraries_2019.3.199/linux/daal/lib/intel64_lin]
    arg [-L/glob/development-tools/versions/intel-parallel-studio/compilers_and_libraries_2019.3.199/linux/daal/../tbb/lib/intel64_lin/gcc4.4] ==> dir [/glob/development-tools/versions/intel-parallel-studio/compilers_and_libraries_2019.3.199/linux/daal/../tbb/lib/intel64_lin/gcc4.4]
    arg [/home/u30005/tmp/CMakeCXXCompilerABI-ae1a2f.o] ==> ignore
    arg [/home/u30005/tmp/CMakeCXXCompilerABI-d32d9b.o] ==> ignore
    arg [-lstdc++] ==> lib [stdc++]
    arg [-lm] ==> lib [m]
    arg [-lgcc_s] ==> lib [gcc_s]
    arg [-lgcc] ==> lib [gcc]
    arg [-lsycl] ==> lib [sycl]
    arg [-lc] ==> lib [c]
    arg [-lgcc_s] ==> lib [gcc_s]
    arg [-lgcc] ==> lib [gcc]
    arg [/usr/lib/gcc/x86_64-linux-gnu/7.4.0/crtend.o] ==> ignore
    arg [/usr/lib/gcc/x86_64-linux-gnu/7.4.0/../../../x86_64-linux-gnu/crtn.o] ==> ignore
  collapse library dir [/usr/lib/gcc/x86_64-linux-gnu/7.4.0] ==> [/usr/lib/gcc/x86_64-linux-gnu/7.4.0]
  collapse library dir [/usr/lib/gcc/x86_64-linux-gnu/7.4.0/../../../x86_64-linux-gnu] ==> [/usr/lib/x86_64-linux-gnu]
  collapse library dir [/lib/x86_64-linux-gnu] ==> [/lib/x86_64-linux-gnu]
  collapse library dir [/lib/../lib64] ==> [/lib64]
  collapse library dir [/usr/lib/x86_64-linux-gnu] ==> [/usr/lib/x86_64-linux-gnu]
  collapse library dir [/usr/lib/gcc/x86_64-linux-gnu/7.4.0/../../..] ==> [/usr/lib]
  collapse library dir [/opt/intel/inteloneapi/compiler/2021.1-beta01/linux/bin/../lib] ==> [/opt/intel/inteloneapi/compiler/2021.1-beta01/linux/lib]
  collapse library dir [/lib] ==> [/lib]
  collapse library dir [/usr/lib] ==> [/usr/lib]
  collapse library dir [/opt/intel/inteloneapi/vpl/latest/lib] ==> [/opt/intel/inteloneapi/vpl/latest/lib]
  collapse library dir [/opt/intel/inteloneapi/tbb/2021.1-beta01/env/../lib/intel64/gcc4.8] ==> [/opt/intel/inteloneapi/tbb/2021.1-beta01/lib/intel64/gcc4.8]
  collapse library dir [/opt/intel/inteloneapi/mpi/2021.1-beta01//libfabric/lib] ==> [/opt/intel/inteloneapi/mpi/2021.1-beta01/libfabric/lib]
  collapse library dir [/opt/intel/inteloneapi/mpi/2021.1-beta01//lib/release] ==> [/opt/intel/inteloneapi/mpi/2021.1-beta01/lib/release]
  collapse library dir [/opt/intel/inteloneapi/mpi/2021.1-beta01//lib] ==> [/opt/intel/inteloneapi/mpi/2021.1-beta01/lib]
  collapse library dir [/opt/intel/inteloneapi/mkl/2021.1-beta01/lib/intel64] ==> [/opt/intel/inteloneapi/mkl/2021.1-beta01/lib/intel64]
  collapse library dir [/opt/intel/inteloneapi/ipp/latest/lib/intel64] ==> [/opt/intel/inteloneapi/ipp/latest/lib/intel64]
  collapse library dir [/opt/intel/inteloneapi/ipp/latest/../../compiler/latest/linux/compiler/lib/intel64] ==> [/opt/intel/inteloneapi/compiler/latest/linux/compiler/lib/intel64]
  collapse library dir [/opt/intel/inteloneapi/dnnl/2021.1-beta01/cpu_dpcpp_gpu_dpcpp/lib] ==> [/opt/intel/inteloneapi/dnnl/2021.1-beta01/cpu_dpcpp_gpu_dpcpp/lib]
  collapse library dir [/opt/intel/inteloneapi/daal/latest/lib/intel64] ==> [/opt/intel/inteloneapi/daal/latest/lib/intel64]
  collapse library dir [/opt/intel/inteloneapi/compiler/latest/linux/lib] ==> [/opt/intel/inteloneapi/compiler/latest/linux/lib]
  collapse library dir [/opt/intel/inteloneapi/clck/2021.1-beta01/lib/intel64] ==> [/opt/intel/inteloneapi/clck/2021.1-beta01/lib/intel64]
  collapse library dir [/glob/development-tools/versions/intel-parallel-studio/compilers_and_libraries_2019.3.199/linux/mpi/intel64/libfabric/lib] ==> [/glob/development-tools/versions/intel-parallel-studio/compilers_and_libraries_2019.3.199/linux/mpi/intel64/libfabric/lib]
  collapse library dir [/glob/development-tools/versions/intel-parallel-studio/compilers_and_libraries_2019.3.199/linux/ipp/lib/intel64] ==> [/glob/development-tools/versions/intel-parallel-studio/compilers_and_libraries_2019.3.199/linux/ipp/lib/intel64]
  collapse library dir [/glob/development-tools/versions/intel-parallel-studio/compilers_and_libraries_2019.3.199/linux/compiler/lib/intel64_lin] ==> [/glob/development-tools/versions/intel-parallel-studio/compilers_and_libraries_2019.3.199/linux/compiler/lib/intel64_lin]
  collapse library dir [/glob/development-tools/versions/intel-parallel-studio/compilers_and_libraries_2019.3.199/linux/mkl/lib/intel64_lin] ==> [/glob/development-tools/versions/intel-parallel-studio/compilers_and_libraries_2019.3.199/linux/mkl/lib/intel64_lin]
  collapse library dir [/glob/development-tools/versions/intel-parallel-studio/compilers_and_libraries_2019.3.199/linux/tbb/lib/intel64/gcc4.7] ==> [/glob/development-tools/versions/intel-parallel-studio/compilers_and_libraries_2019.3.199/linux/tbb/lib/intel64/gcc4.7]
  collapse library dir [/glob/development-tools/versions/intel-parallel-studio/compilers_and_libraries_2019.3.199/linux/tbb/lib/intel64/gcc4.7] ==> [/glob/development-tools/versions/intel-parallel-studio/compilers_and_libraries_2019.3.199/linux/tbb/lib/intel64/gcc4.7]
  collapse library dir [/glob/development-tools/versions/intel-parallel-studio/compilers_and_libraries_2019.3.199/linux/daal/lib/intel64_lin] ==> [/glob/development-tools/versions/intel-parallel-studio/compilers_and_libraries_2019.3.199/linux/daal/lib/intel64_lin]
  collapse library dir [/glob/development-tools/versions/intel-parallel-studio/compilers_and_libraries_2019.3.199/linux/daal/../tbb/lib/intel64_lin/gcc4.4] ==> [/glob/development-tools/versions/intel-parallel-studio/compilers_and_libraries_2019.3.199/linux/tbb/lib/intel64_lin/gcc4.4]
  implicit libs: [stdc++;m;gcc_s;gcc;sycl;c;gcc_s;gcc]
  implicit dirs: [/usr/lib/gcc/x86_64-linux-gnu/7.4.0;/usr/lib/x86_64-linux-gnu;/lib/x86_64-linux-gnu;/lib64;/usr/lib;/opt/intel/inteloneapi/compiler/2021.1-beta01/linux/lib;/lib;/opt/intel/inteloneapi/vpl/latest/lib;/opt/intel/inteloneapi/tbb/2021.1-beta01/lib/intel64/gcc4.8;/opt/intel/inteloneapi/mpi/2021.1-beta01/libfabric/lib;/opt/intel/inteloneapi/mpi/2021.1-beta01/lib/release;/opt/intel/inteloneapi/mpi/2021.1-beta01/lib;/opt/intel/inteloneapi/mkl/2021.1-beta01/lib/intel64;/opt/intel/inteloneapi/ipp/latest/lib/intel64;/opt/intel/inteloneapi/compiler/latest/linux/compiler/lib/intel64;/opt/intel/inteloneapi/dnnl/2021.1-beta01/cpu_dpcpp_gpu_dpcpp/lib;/opt/intel/inteloneapi/daal/latest/lib/intel64;/opt/intel/inteloneapi/compiler/latest/linux/lib;/opt/intel/inteloneapi/clck/2021.1-beta01/lib/intel64;/glob/development-tools/versions/intel-parallel-studio/compilers_and_libraries_2019.3.199/linux/mpi/intel64/libfabric/lib;/glob/development-tools/versions/intel-parallel-studio/compilers_and_libraries_2019.3.199/linux/ipp/lib/intel64;/glob/development-tools/versions/intel-parallel-studio/compilers_and_libraries_2019.3.199/linux/compiler/lib/intel64_lin;/glob/development-tools/versions/intel-parallel-studio/compilers_and_libraries_2019.3.199/linux/mkl/lib/intel64_lin;/glob/development-tools/versions/intel-parallel-studio/compilers_and_libraries_2019.3.199/linux/tbb/lib/intel64/gcc4.7;/glob/development-tools/versions/intel-parallel-studio/compilers_and_libraries_2019.3.199/linux/daal/lib/intel64_lin;/glob/development-tools/versions/intel-parallel-studio/compilers_and_libraries_2019.3.199/linux/tbb/lib/intel64_lin/gcc4.4]
  implicit fwks: []




Detecting CXX [-std=c++1z] compiler features compiled with the following output:
Change Dir: /home/u30005/sushma/gamma-correction/build/CMakeFiles/CMakeTmp

Run Build Command:"/usr/bin/make" "cmTC_afce0/fast"
/usr/bin/make -f CMakeFiles/cmTC_afce0.dir/build.make CMakeFiles/cmTC_afce0.dir/build
make[1]: Entering directory '/home/u30005/sushma/gamma-correction/build/CMakeFiles/CMakeTmp'
Building CXX object CMakeFiles/cmTC_afce0.dir/feature_tests.cxx.o
/opt/intel/inteloneapi/compiler/latest/linux/bin/dpcpp    -std=c++1z -o CMakeFiles/cmTC_afce0.dir/feature_tests.cxx.o -c /home/u30005/sushma/gamma-correction/build/CMakeFiles/feature_tests.cxx
Linking CXX executable cmTC_afce0
/usr/bin/cmake -E cmake_link_script CMakeFiles/cmTC_afce0.dir/link.txt --verbose=1
/opt/intel/inteloneapi/compiler/latest/linux/bin/dpcpp       -rdynamic CMakeFiles/cmTC_afce0.dir/feature_tests.cxx.o  -o cmTC_afce0 
make[1]: Leaving directory '/home/u30005/sushma/gamma-correction/build/CMakeFiles/CMakeTmp'


    Feature record: CXX_FEATURE:1cxx_aggregate_default_initializers
    Feature record: CXX_FEATURE:1cxx_alias_templates
    Feature record: CXX_FEATURE:1cxx_alignas
    Feature record: CXX_FEATURE:1cxx_alignof
    Feature record: CXX_FEATURE:1cxx_attributes
    Feature record: CXX_FEATURE:1cxx_attribute_deprecated
    Feature record: CXX_FEATURE:1cxx_auto_type
    Feature record: CXX_FEATURE:1cxx_binary_literals
    Feature record: CXX_FEATURE:1cxx_constexpr
    Feature record: CXX_FEATURE:1cxx_contextual_conversions
    Feature record: CXX_FEATURE:1cxx_decltype
    Feature record: CXX_FEATURE:1cxx_decltype_auto
    Feature record: CXX_FEATURE:1cxx_decltype_incomplete_return_types
    Feature record: CXX_FEATURE:1cxx_default_function_template_args
    Feature record: CXX_FEATURE:1cxx_defaulted_functions
    Feature record: CXX_FEATURE:1cxx_defaulted_move_initializers
    Feature record: CXX_FEATURE:1cxx_delegating_constructors
    Feature record: CXX_FEATURE:1cxx_deleted_functions
    Feature record: CXX_FEATURE:1cxx_digit_separators
    Feature record: CXX_FEATURE:1cxx_enum_forward_declarations
    Feature record: CXX_FEATURE:1cxx_explicit_conversions
    Feature record: CXX_FEATURE:1cxx_extended_friend_declarations
    Feature record: CXX_FEATURE:1cxx_extern_templates
    Feature record: CXX_FEATURE:1cxx_final
    Feature record: CXX_FEATURE:1cxx_func_identifier
    Feature record: CXX_FEATURE:1cxx_generalized_initializers
    Feature record: CXX_FEATURE:1cxx_generic_lambdas
    Feature record: CXX_FEATURE:1cxx_inheriting_constructors
    Feature record: CXX_FEATURE:1cxx_inline_namespaces
    Feature record: CXX_FEATURE:1cxx_lambdas
    Feature record: CXX_FEATURE:1cxx_lambda_init_captures
    Feature record: CXX_FEATURE:1cxx_local_type_template_args
    Feature record: CXX_FEATURE:1cxx_long_long_type
    Feature record: CXX_FEATURE:1cxx_noexcept
    Feature record: CXX_FEATURE:1cxx_nonstatic_member_init
    Feature record: CXX_FEATURE:1cxx_nullptr
    Feature record: CXX_FEATURE:1cxx_override
    Feature record: CXX_FEATURE:1cxx_range_for
    Feature record: CXX_FEATURE:1cxx_raw_string_literals
    Feature record: CXX_FEATURE:1cxx_reference_qualified_functions
    Feature record: CXX_FEATURE:1cxx_relaxed_constexpr
    Feature record: CXX_FEATURE:1cxx_return_type_deduction
    Feature record: CXX_FEATURE:1cxx_right_angle_brackets
    Feature record: CXX_FEATURE:1cxx_rvalue_references
    Feature record: CXX_FEATURE:1cxx_sizeof_member
    Feature record: CXX_FEATURE:1cxx_static_assert
    Feature record: CXX_FEATURE:1cxx_strong_enums
    Feature record: CXX_FEATURE:1cxx_template_template_parameters
    Feature record: CXX_FEATURE:1cxx_thread_local
    Feature record: CXX_FEATURE:1cxx_trailing_return_types
    Feature record: CXX_FEATURE:1cxx_unicode_literals
    Feature record: CXX_FEATURE:1cxx_uniform_initialization
    Feature record: CXX_FEATURE:1cxx_unrestricted_unions
    Feature record: CXX_FEATURE:1cxx_user_literals
    Feature record: CXX_FEATURE:1cxx_variable_templates
    Feature record: CXX_FEATURE:1cxx_variadic_macros
    Feature record: CXX_FEATURE:1cxx_variadic_templates


Detecting CXX [-std=c++14] compiler features compiled with the following output:
Change Dir: /home/u30005/sushma/gamma-correction/build/CMakeFiles/CMakeTmp

Run Build Command:"/usr/bin/make" "cmTC_251dd/fast"
/usr/bin/make -f CMakeFiles/cmTC_251dd.dir/build.make CMakeFiles/cmTC_251dd.dir/build
make[1]: Entering directory '/home/u30005/sushma/gamma-correction/build/CMakeFiles/CMakeTmp'
Building CXX object CMakeFiles/cmTC_251dd.dir/feature_tests.cxx.o
/opt/intel/inteloneapi/compiler/latest/linux/bin/dpcpp    -std=c++14 -o CMakeFiles/cmTC_251dd.dir/feature_tests.cxx.o -c /home/u30005/sushma/gamma-correction/build/CMakeFiles/feature_tests.cxx
Linking CXX executable cmTC_251dd
/usr/bin/cmake -E cmake_link_script CMakeFiles/cmTC_251dd.dir/link.txt --verbose=1
/opt/intel/inteloneapi/compiler/latest/linux/bin/dpcpp       -rdynamic CMakeFiles/cmTC_251dd.dir/feature_tests.cxx.o  -o cmTC_251dd 
make[1]: Leaving directory '/home/u30005/sushma/gamma-correction/build/CMakeFiles/CMakeTmp'


    Feature record: CXX_FEATURE:1cxx_aggregate_default_initializers
    Feature record: CXX_FEATURE:1cxx_alias_templates
    Feature record: CXX_FEATURE:1cxx_alignas
    Feature record: CXX_FEATURE:1cxx_alignof
    Feature record: CXX_FEATURE:1cxx_attributes
    Feature record: CXX_FEATURE:1cxx_attribute_deprecated
    Feature record: CXX_FEATURE:1cxx_auto_type
    Feature record: CXX_FEATURE:1cxx_binary_literals
    Feature record: CXX_FEATURE:1cxx_constexpr
    Feature record: CXX_FEATURE:1cxx_contextual_conversions
    Feature record: CXX_FEATURE:1cxx_decltype
    Feature record: CXX_FEATURE:1cxx_decltype_auto
    Feature record: CXX_FEATURE:1cxx_decltype_incomplete_return_types
    Feature record: CXX_FEATURE:1cxx_default_function_template_args
    Feature record: CXX_FEATURE:1cxx_defaulted_functions
    Feature record: CXX_FEATURE:1cxx_defaulted_move_initializers
    Feature record: CXX_FEATURE:1cxx_delegating_constructors
    Feature record: CXX_FEATURE:1cxx_deleted_functions
    Feature record: CXX_FEATURE:1cxx_digit_separators
    Feature record: CXX_FEATURE:1cxx_enum_forward_declarations
    Feature record: CXX_FEATURE:1cxx_explicit_conversions
    Feature record: CXX_FEATURE:1cxx_extended_friend_declarations
    Feature record: CXX_FEATURE:1cxx_extern_templates
    Feature record: CXX_FEATURE:1cxx_final
    Feature record: CXX_FEATURE:1cxx_func_identifier
    Feature record: CXX_FEATURE:1cxx_generalized_initializers
    Feature record: CXX_FEATURE:1cxx_generic_lambdas
    Feature record: CXX_FEATURE:1cxx_inheriting_constructors
    Feature record: CXX_FEATURE:1cxx_inline_namespaces
    Feature record: CXX_FEATURE:1cxx_lambdas
    Feature record: CXX_FEATURE:1cxx_lambda_init_captures
    Feature record: CXX_FEATURE:1cxx_local_type_template_args
    Feature record: CXX_FEATURE:1cxx_long_long_type
    Feature record: CXX_FEATURE:1cxx_noexcept
    Feature record: CXX_FEATURE:1cxx_nonstatic_member_init
    Feature record: CXX_FEATURE:1cxx_nullptr
    Feature record: CXX_FEATURE:1cxx_override
    Feature record: CXX_FEATURE:1cxx_range_for
    Feature record: CXX_FEATURE:1cxx_raw_string_literals
    Feature record: CXX_FEATURE:1cxx_reference_qualified_functions
    Feature record: CXX_FEATURE:1cxx_relaxed_constexpr
    Feature record: CXX_FEATURE:1cxx_return_type_deduction
    Feature record: CXX_FEATURE:1cxx_right_angle_brackets
    Feature record: CXX_FEATURE:1cxx_rvalue_references
    Feature record: CXX_FEATURE:1cxx_sizeof_member
    Feature record: CXX_FEATURE:1cxx_static_assert
    Feature record: CXX_FEATURE:1cxx_strong_enums
    Feature record: CXX_FEATURE:1cxx_template_template_parameters
    Feature record: CXX_FEATURE:1cxx_thread_local
    Feature record: CXX_FEATURE:1cxx_trailing_return_types
    Feature record: CXX_FEATURE:1cxx_unicode_literals
    Feature record: CXX_FEATURE:1cxx_uniform_initialization
    Feature record: CXX_FEATURE:1cxx_unrestricted_unions
    Feature record: CXX_FEATURE:1cxx_user_literals
    Feature record: CXX_FEATURE:1cxx_variable_templates
    Feature record: CXX_FEATURE:1cxx_variadic_macros
    Feature record: CXX_FEATURE:1cxx_variadic_templates


Detecting CXX [-std=c++11] compiler features compiled with the following output:
Change Dir: /home/u30005/sushma/gamma-correction/build/CMakeFiles/CMakeTmp

Run Build Command:"/usr/bin/make" "cmTC_e08ae/fast"
/usr/bin/make -f CMakeFiles/cmTC_e08ae.dir/build.make CMakeFiles/cmTC_e08ae.dir/build
make[1]: Entering directory '/home/u30005/sushma/gamma-correction/build/CMakeFiles/CMakeTmp'
Building CXX object CMakeFiles/cmTC_e08ae.dir/feature_tests.cxx.o
/opt/intel/inteloneapi/compiler/latest/linux/bin/dpcpp    -std=c++11 -o CMakeFiles/cmTC_e08ae.dir/feature_tests.cxx.o -c /home/u30005/sushma/gamma-correction/build/CMakeFiles/feature_tests.cxx
Linking CXX executable cmTC_e08ae
/usr/bin/cmake -E cmake_link_script CMakeFiles/cmTC_e08ae.dir/link.txt --verbose=1
/opt/intel/inteloneapi/compiler/latest/linux/bin/dpcpp       -rdynamic CMakeFiles/cmTC_e08ae.dir/feature_tests.cxx.o  -o cmTC_e08ae 
make[1]: Leaving directory '/home/u30005/sushma/gamma-correction/build/CMakeFiles/CMakeTmp'


    Feature record: CXX_FEATURE:0cxx_aggregate_default_initializers
    Feature record: CXX_FEATURE:1cxx_alias_templates
    Feature record: CXX_FEATURE:1cxx_alignas
    Feature record: CXX_FEATURE:1cxx_alignof
    Feature record: CXX_FEATURE:1cxx_attributes
    Feature record: CXX_FEATURE:0cxx_attribute_deprecated
    Feature record: CXX_FEATURE:1cxx_auto_type
    Feature record: CXX_FEATURE:0cxx_binary_literals
    Feature record: CXX_FEATURE:1cxx_constexpr
    Feature record: CXX_FEATURE:0cxx_contextual_conversions
    Feature record: CXX_FEATURE:1cxx_decltype
    Feature record: CXX_FEATURE:0cxx_decltype_auto
    Feature record: CXX_FEATURE:1cxx_decltype_incomplete_return_types
    Feature record: CXX_FEATURE:1cxx_default_function_template_args
    Feature record: CXX_FEATURE:1cxx_defaulted_functions
    Feature record: CXX_FEATURE:1cxx_defaulted_move_initializers
    Feature record: CXX_FEATURE:1cxx_delegating_constructors
    Feature record: CXX_FEATURE:1cxx_deleted_functions
    Feature record: CXX_FEATURE:0cxx_digit_separators
    Feature record: CXX_FEATURE:1cxx_enum_forward_declarations
    Feature record: CXX_FEATURE:1cxx_explicit_conversions
    Feature record: CXX_FEATURE:1cxx_extended_friend_declarations
    Feature record: CXX_FEATURE:1cxx_extern_templates
    Feature record: CXX_FEATURE:1cxx_final
    Feature record: CXX_FEATURE:1cxx_func_identifier
    Feature record: CXX_FEATURE:1cxx_generalized_initializers
    Feature record: CXX_FEATURE:0cxx_generic_lambdas
    Feature record: CXX_FEATURE:1cxx_inheriting_constructors
    Feature record: CXX_FEATURE:1cxx_inline_namespaces
    Feature record: CXX_FEATURE:1cxx_lambdas
    Feature record: CXX_FEATURE:0cxx_lambda_init_captures
    Feature record: CXX_FEATURE:1cxx_local_type_template_args
    Feature record: CXX_FEATURE:1cxx_long_long_type
    Feature record: CXX_FEATURE:1cxx_noexcept
    Feature record: CXX_FEATURE:1cxx_nonstatic_member_init
    Feature record: CXX_FEATURE:1cxx_nullptr
    Feature record: CXX_FEATURE:1cxx_override
    Feature record: CXX_FEATURE:1cxx_range_for
    Feature record: CXX_FEATURE:1cxx_raw_string_literals
    Feature record: CXX_FEATURE:1cxx_reference_qualified_functions
    Feature record: CXX_FEATURE:0cxx_relaxed_constexpr
    Feature record: CXX_FEATURE:0cxx_return_type_deduction
    Feature record: CXX_FEATURE:1cxx_right_angle_brackets
    Feature record: CXX_FEATURE:1cxx_rvalue_references
    Feature record: CXX_FEATURE:1cxx_sizeof_member
    Feature record: CXX_FEATURE:1cxx_static_assert
    Feature record: CXX_FEATURE:1cxx_strong_enums
    Feature record: CXX_FEATURE:1cxx_template_template_parameters
    Feature record: CXX_FEATURE:1cxx_thread_local
    Feature record: CXX_FEATURE:1cxx_trailing_return_types
    Feature record: CXX_FEATURE:1cxx_unicode_literals
    Feature record: CXX_FEATURE:1cxx_uniform_initialization
    Feature record: CXX_FEATURE:1cxx_unrestricted_unions
    Feature record: CXX_FEATURE:1cxx_user_literals
    Feature record: CXX_FEATURE:0cxx_variable_templates
    Feature record: CXX_FEATURE:1cxx_variadic_macros
    Feature record: CXX_FEATURE:1cxx_variadic_templates


Detecting CXX [-std=c++98] compiler features compiled with the following output:
Change Dir: /home/u30005/sushma/gamma-correction/build/CMakeFiles/CMakeTmp

Run Build Command:"/usr/bin/make" "cmTC_fea03/fast"
/usr/bin/make -f CMakeFiles/cmTC_fea03.dir/build.make CMakeFiles/cmTC_fea03.dir/build
make[1]: Entering directory '/home/u30005/sushma/gamma-correction/build/CMakeFiles/CMakeTmp'
Building CXX object CMakeFiles/cmTC_fea03.dir/feature_tests.cxx.o
/opt/intel/inteloneapi/compiler/latest/linux/bin/dpcpp    -std=c++98 -o CMakeFiles/cmTC_fea03.dir/feature_tests.cxx.o -c /home/u30005/sushma/gamma-correction/build/CMakeFiles/feature_tests.cxx
Linking CXX executable cmTC_fea03
/usr/bin/cmake -E cmake_link_script CMakeFiles/cmTC_fea03.dir/link.txt --verbose=1
/opt/intel/inteloneapi/compiler/latest/linux/bin/dpcpp       -rdynamic CMakeFiles/cmTC_fea03.dir/feature_tests.cxx.o  -o cmTC_fea03 
make[1]: Leaving directory '/home/u30005/sushma/gamma-correction/build/CMakeFiles/CMakeTmp'


    Feature record: CXX_FEATURE:0cxx_aggregate_default_initializers
    Feature record: CXX_FEATURE:0cxx_alias_templates
    Feature record: CXX_FEATURE:0cxx_alignas
    Feature record: CXX_FEATURE:0cxx_alignof
    Feature record: CXX_FEATURE:0cxx_attributes
    Feature record: CXX_FEATURE:0cxx_attribute_deprecated
    Feature record: CXX_FEATURE:0cxx_auto_type
    Feature record: CXX_FEATURE:0cxx_binary_literals
    Feature record: CXX_FEATURE:0cxx_constexpr
    Feature record: CXX_FEATURE:0cxx_contextual_conversions
    Feature record: CXX_FEATURE:0cxx_decltype
    Feature record: CXX_FEATURE:0cxx_decltype_auto
    Feature record: CXX_FEATURE:0cxx_decltype_incomplete_return_types
    Feature record: CXX_FEATURE:0cxx_default_function_template_args
    Feature record: CXX_FEATURE:0cxx_defaulted_functions
    Feature record: CXX_FEATURE:0cxx_defaulted_move_initializers
    Feature record: CXX_FEATURE:0cxx_delegating_constructors
    Feature record: CXX_FEATURE:0cxx_deleted_functions
    Feature record: CXX_FEATURE:0cxx_digit_separators
    Feature record: CXX_FEATURE:0cxx_enum_forward_declarations
    Feature record: CXX_FEATURE:0cxx_explicit_conversions
    Feature record: CXX_FEATURE:0cxx_extended_friend_declarations
    Feature record: CXX_FEATURE:0cxx_extern_templates
    Feature record: CXX_FEATURE:0cxx_final
    Feature record: CXX_FEATURE:0cxx_func_identifier
    Feature record: CXX_FEATURE:0cxx_generalized_initializers
    Feature record: CXX_FEATURE:0cxx_generic_lambdas
    Feature record: CXX_FEATURE:0cxx_inheriting_constructors
    Feature record: CXX_FEATURE:0cxx_inline_namespaces
    Feature record: CXX_FEATURE:0cxx_lambdas
    Feature record: CXX_FEATURE:0cxx_lambda_init_captures
    Feature record: CXX_FEATURE:0cxx_local_type_template_args
    Feature record: CXX_FEATURE:0cxx_long_long_type
    Feature record: CXX_FEATURE:0cxx_noexcept
    Feature record: CXX_FEATURE:0cxx_nonstatic_member_init
    Feature record: CXX_FEATURE:0cxx_nullptr
    Feature record: CXX_FEATURE:0cxx_override
    Feature record: CXX_FEATURE:0cxx_range_for
    Feature record: CXX_FEATURE:0cxx_raw_string_literals
    Feature record: CXX_FEATURE:0cxx_reference_qualified_functions
    Feature record: CXX_FEATURE:0cxx_relaxed_constexpr
    Feature record: CXX_FEATURE:0cxx_return_type_deduction
    Feature record: CXX_FEATURE:0cxx_right_angle_brackets
    Feature record: CXX_FEATURE:0cxx_rvalue_references
    Feature record: CXX_FEATURE:0cxx_sizeof_member
    Feature record: CXX_FEATURE:0cxx_static_assert
    Feature record: CXX_FEATURE:0cxx_strong_enums
    Feature record: CXX_FEATURE:1cxx_template_template_parameters
    Feature record: CXX_FEATURE:0cxx_thread_local
    Feature record: CXX_FEATURE:0cxx_trailing_return_types
    Feature record: CXX_FEATURE:0cxx_unicode_literals
    Feature record: CXX_FEATURE:0cxx_uniform_initialization
    Feature record: CXX_FEATURE:0cxx_unrestricted_unions
    Feature record: CXX_FEATURE:0cxx_user_literals
    Feature record: CXX_FEATURE:0cxx_variable_templates
    Feature record: CXX_FEATURE:0cxx_variadic_macros
    Feature record: CXX_FEATURE:0cxx_variadic_templates
